{"/home/travis/build/npmtest/node-npmtest-faye-websocket/test.js":{"path":"/home/travis/build/npmtest/node-npmtest-faye-websocket/test.js","s":{"1":2,"2":2,"3":2,"4":2,"5":2,"6":2,"7":2,"8":1,"9":2,"10":2,"11":1,"12":1,"13":1,"14":1,"15":2,"16":2,"17":2,"18":2,"19":1,"20":1,"21":2,"22":2,"23":2,"24":1,"25":1,"26":1,"27":1,"28":1,"29":1,"30":1,"31":1,"32":1,"33":1,"34":1,"35":1,"36":1,"37":2,"38":2,"39":1,"40":2,"41":2,"42":1,"43":2,"44":2,"45":1,"46":2,"47":2,"48":1,"49":1,"50":1,"51":1,"52":1},"b":{"1":[2,1,1,1],"2":[1,1,1,1],"3":[1,1],"4":[1,1],"5":[1,1],"6":[1,1],"7":[1,1],"8":[1,1],"9":[1,1,1],"10":[1,1],"11":[1,1],"12":[1,1],"13":[1,1],"14":[1,1],"15":[1,1],"16":[1,1]},"f":{"1":2,"2":2,"3":2,"4":2,"5":2,"6":1,"7":1,"8":2,"9":2,"10":2,"11":2,"12":1},"fnMap":{"1":{"name":"(anonymous_1)","line":12,"loc":{"start":{"line":12,"column":1},"end":{"line":12,"column":13}}},"2":{"name":"(anonymous_2)","line":19,"loc":{"start":{"line":19,"column":5},"end":{"line":19,"column":17}}},"3":{"name":"(anonymous_3)","line":23,"loc":{"start":{"line":23,"column":24},"end":{"line":23,"column":36}}},"4":{"name":"(anonymous_4)","line":61,"loc":{"start":{"line":61,"column":5},"end":{"line":61,"column":17}}},"5":{"name":"(anonymous_5)","line":82,"loc":{"start":{"line":82,"column":5},"end":{"line":82,"column":17}}},"6":{"name":"(anonymous_6)","line":102,"loc":{"start":{"line":102,"column":83},"end":{"line":105,"column":10}},"skip":true},"7":{"name":"(anonymous_7)","line":113,"loc":{"start":{"line":113,"column":77},"end":{"line":116,"column":10}},"skip":true},"8":{"name":"(anonymous_8)","line":129,"loc":{"start":{"line":129,"column":12},"end":{"line":129,"column":40}},"skip":true},"9":{"name":"(anonymous_9)","line":137,"loc":{"start":{"line":137,"column":77},"end":{"line":140,"column":10}},"skip":true},"10":{"name":"(anonymous_10)","line":148,"loc":{"start":{"line":148,"column":83},"end":{"line":151,"column":10}},"skip":true},"11":{"name":"(anonymous_11)","line":159,"loc":{"start":{"line":159,"column":79},"end":{"line":162,"column":10}},"skip":true},"12":{"name":"(anonymous_12)","line":170,"loc":{"start":{"line":170,"column":75},"end":{"line":173,"column":10}},"skip":true}},"statementMap":{"1":{"start":{"line":12,"column":0},"end":{"line":185,"column":5}},"2":{"start":{"line":14,"column":4},"end":{"line":14,"column":14}},"3":{"start":{"line":19,"column":4},"end":{"line":56,"column":9}},"4":{"start":{"line":21,"column":8},"end":{"line":21,"column":19}},"5":{"start":{"line":23,"column":8},"end":{"line":35,"column":13}},"6":{"start":{"line":24,"column":12},"end":{"line":34,"column":13}},"7":{"start":{"line":25,"column":16},"end":{"line":28,"column":30}},"8":{"start":{"line":30,"column":16},"end":{"line":33,"column":27}},"9":{"start":{"line":37,"column":8},"end":{"line":39,"column":21}},"10":{"start":{"line":40,"column":8},"end":{"line":53,"column":9}},"11":{"start":{"line":43,"column":12},"end":{"line":46,"column":14}},"12":{"start":{"line":47,"column":12},"end":{"line":47,"column":18}},"13":{"start":{"line":50,"column":12},"end":{"line":51,"column":46}},"14":{"start":{"line":52,"column":12},"end":{"line":52,"column":18}},"15":{"start":{"line":55,"column":8},"end":{"line":55,"column":35}},"16":{"start":{"line":61,"column":4},"end":{"line":63,"column":9}},"17":{"start":{"line":62,"column":8},"end":{"line":62,"column":15}},"18":{"start":{"line":64,"column":4},"end":{"line":77,"column":5}},"19":{"start":{"line":70,"column":8},"end":{"line":70,"column":14}},"20":{"start":{"line":76,"column":8},"end":{"line":76,"column":14}},"21":{"start":{"line":82,"column":4},"end":{"line":84,"column":9}},"22":{"start":{"line":83,"column":8},"end":{"line":83,"column":15}},"23":{"start":{"line":85,"column":4},"end":{"line":184,"column":5}},"24":{"start":{"line":92,"column":8},"end":{"line":94,"column":63}},"25":{"start":{"line":95,"column":8},"end":{"line":95,"column":14}},"26":{"start":{"line":102,"column":8},"end":{"line":111,"column":10},"skip":true},"27":{"start":{"line":109,"column":12},"end":{"line":109,"column":55},"skip":true},"28":{"start":{"line":110,"column":12},"end":{"line":110,"column":48},"skip":true},"29":{"start":{"line":113,"column":8},"end":{"line":126,"column":10},"skip":true},"30":{"start":{"line":120,"column":12},"end":{"line":120,"column":76},"skip":true},"31":{"start":{"line":121,"column":12},"end":{"line":121,"column":73},"skip":true},"32":{"start":{"line":122,"column":12},"end":{"line":122,"column":74},"skip":true},"33":{"start":{"line":123,"column":12},"end":{"line":123,"column":79},"skip":true},"34":{"start":{"line":124,"column":12},"end":{"line":124,"column":25},"skip":true},"35":{"start":{"line":125,"column":12},"end":{"line":125,"column":45},"skip":true},"36":{"start":{"line":128,"column":8},"end":{"line":135,"column":14},"skip":true},"37":{"start":{"line":133,"column":16},"end":{"line":133,"column":29},"skip":true},"38":{"start":{"line":134,"column":16},"end":{"line":134,"column":55},"skip":true},"39":{"start":{"line":137,"column":8},"end":{"line":146,"column":10},"skip":true},"40":{"start":{"line":144,"column":12},"end":{"line":144,"column":25},"skip":true},"41":{"start":{"line":145,"column":12},"end":{"line":145,"column":45},"skip":true},"42":{"start":{"line":148,"column":8},"end":{"line":157,"column":10},"skip":true},"43":{"start":{"line":155,"column":12},"end":{"line":155,"column":25},"skip":true},"44":{"start":{"line":156,"column":12},"end":{"line":156,"column":48},"skip":true},"45":{"start":{"line":159,"column":8},"end":{"line":168,"column":10},"skip":true},"46":{"start":{"line":166,"column":12},"end":{"line":166,"column":25},"skip":true},"47":{"start":{"line":167,"column":12},"end":{"line":167,"column":46},"skip":true},"48":{"start":{"line":170,"column":8},"end":{"line":179,"column":10},"skip":true},"49":{"start":{"line":177,"column":12},"end":{"line":177,"column":94},"skip":true},"50":{"start":{"line":178,"column":12},"end":{"line":178,"column":48},"skip":true},"51":{"start":{"line":182,"column":8},"end":{"line":182,"column":35},"skip":true},"52":{"start":{"line":183,"column":8},"end":{"line":183,"column":14},"skip":true}},"branchMap":{"1":{"line":25,"type":"binary-expr","locations":[{"start":{"line":25,"column":23},"end":{"line":25,"column":62}},{"start":{"line":26,"column":20},"end":{"line":26,"column":70}},{"start":{"line":27,"column":20},"end":{"line":27,"column":71}},{"start":{"line":28,"column":20},"end":{"line":28,"column":29}}]},"2":{"line":30,"type":"binary-expr","locations":[{"start":{"line":30,"column":23},"end":{"line":30,"column":37}},{"start":{"line":31,"column":20},"end":{"line":31,"column":61}},{"start":{"line":32,"column":20},"end":{"line":32,"column":70}},{"start":{"line":33,"column":20},"end":{"line":33,"column":26}}]},"3":{"line":37,"type":"cond-expr","locations":[{"start":{"line":38,"column":14},"end":{"line":38,"column":20}},{"start":{"line":39,"column":14},"end":{"line":39,"column":20}}]},"4":{"line":40,"type":"switch","locations":[{"start":{"line":42,"column":8},"end":{"line":47,"column":18}},{"start":{"line":49,"column":8},"end":{"line":52,"column":18}}]},"5":{"line":44,"type":"binary-expr","locations":[{"start":{"line":44,"column":16},"end":{"line":44,"column":44}},{"start":{"line":44,"column":48},"end":{"line":44,"column":66}}]},"6":{"line":50,"type":"binary-expr","locations":[{"start":{"line":50,"column":21},"end":{"line":50,"column":49}},{"start":{"line":50,"column":53},"end":{"line":50,"column":72}}]},"7":{"line":64,"type":"switch","locations":[{"start":{"line":69,"column":4},"end":{"line":70,"column":14}},{"start":{"line":75,"column":4},"end":{"line":76,"column":14}}]},"8":{"line":85,"type":"switch","locations":[{"start":{"line":90,"column":4},"end":{"line":95,"column":14}},{"start":{"line":101,"column":4},"end":{"line":183,"column":14},"skip":true}]},"9":{"line":92,"type":"binary-expr","locations":[{"start":{"line":92,"column":18},"end":{"line":92,"column":32}},{"start":{"line":93,"column":12},"end":{"line":93,"column":53}},{"start":{"line":94,"column":12},"end":{"line":94,"column":61}}]},"10":{"line":102,"type":"binary-expr","locations":[{"start":{"line":102,"column":45},"end":{"line":102,"column":79},"skip":true},{"start":{"line":102,"column":83},"end":{"line":111,"column":9},"skip":true}]},"11":{"line":113,"type":"binary-expr","locations":[{"start":{"line":113,"column":42},"end":{"line":113,"column":73},"skip":true},{"start":{"line":113,"column":77},"end":{"line":126,"column":9},"skip":true}]},"12":{"line":128,"type":"binary-expr","locations":[{"start":{"line":128,"column":48},"end":{"line":128,"column":85},"skip":true},{"start":{"line":129,"column":12},"end":{"line":135,"column":13},"skip":true}]},"13":{"line":137,"type":"binary-expr","locations":[{"start":{"line":137,"column":42},"end":{"line":137,"column":73},"skip":true},{"start":{"line":137,"column":77},"end":{"line":146,"column":9},"skip":true}]},"14":{"line":148,"type":"binary-expr","locations":[{"start":{"line":148,"column":45},"end":{"line":148,"column":79},"skip":true},{"start":{"line":148,"column":83},"end":{"line":157,"column":9},"skip":true}]},"15":{"line":159,"type":"binary-expr","locations":[{"start":{"line":159,"column":43},"end":{"line":159,"column":75},"skip":true},{"start":{"line":159,"column":79},"end":{"line":168,"column":9},"skip":true}]},"16":{"line":170,"type":"binary-expr","locations":[{"start":{"line":170,"column":41},"end":{"line":170,"column":71},"skip":true},{"start":{"line":170,"column":75},"end":{"line":179,"column":9},"skip":true}]}},"code":["/* istanbul instrument in package npmtest_faye_websocket */","/*jslint","    bitwise: true,","    browser: true,","    maxerr: 8,","    maxlen: 96,","    node: true,","    nomen: true,","    regexp: true,","    stupid: true","*/","(function () {","    'use strict';","    var local;","","","","    // run shared js-env code - pre-init","    (function () {","        // init local","        local = {};","        // init modeJs","        local.modeJs = (function () {","            try {","                return typeof navigator.userAgent === 'string' &&","                    typeof document.querySelector('body') === 'object' &&","                    typeof XMLHttpRequest.prototype.open === 'function' &&","                    'browser';","            } catch (errorCaughtBrowser) {","                return module.exports &&","                    typeof process.versions.node === 'string' &&","                    typeof require('http').createServer === 'function' &&","                    'node';","            }","        }());","        // init global","        local.global = local.modeJs === 'browser'","            ? window","            : global;","        switch (local.modeJs) {","        // re-init local from window.local","        case 'browser':","            local = local.global.utility2.objectSetDefault(","                local.global.utility2_rollup || local.global.local,","                local.global.utility2","            );","            break;","        // re-init local from example.js","        case 'node':","            local = (local.global.utility2_rollup || require('utility2'))","                .requireExampleJsFromReadme();","            break;","        }","        // export local","        local.global.local = local;","    }());","","","","    // run shared js-env code - function","    (function () {","        return;","    }());","    switch (local.modeJs) {","","","","    // run browser js-env code - function","    case 'browser':","        break;","","","","    // run node js-env code - function","    case 'node':","        break;","    }","","","","    // run shared js-env code - post-init","    (function () {","        return;","    }());","    switch (local.modeJs) {","","","","    // run browser js-env code - post-init","    case 'browser':","        // run tests","        local.nop(local.modeTest &&","            document.querySelector('#testRunButton1') &&","            document.querySelector('#testRunButton1').click());","        break;","","","","    // run node js-env code - post-init","    /* istanbul ignore next */","    case 'node':","        local.testCase_buildApidoc_default = local.testCase_buildApidoc_default || function (","            options,","            onError","        ) {","        /*","         * this function will test buildApidoc's default handling-behavior-behavior","         */","            options = { modulePathList: module.paths };","            local.buildApidoc(options, onError);","        };","","        local.testCase_buildApp_default = local.testCase_buildApp_default || function (","            options,","            onError","        ) {","        /*","         * this function will test buildApp's default handling-behavior-behavior","         */","            local.testCase_buildReadme_default(options, local.onErrorThrow);","            local.testCase_buildLib_default(options, local.onErrorThrow);","            local.testCase_buildTest_default(options, local.onErrorThrow);","            local.testCase_buildCustomOrg_default(options, local.onErrorThrow);","            options = [];","            local.buildApp(options, onError);","        };","","        local.testCase_buildCustomOrg_default = local.testCase_buildCustomOrg_default ||","            function (options, onError) {","            /*","             * this function will test buildCustomOrg's default handling-behavior","             */","                options = {};","                local.buildCustomOrg(options, onError);","            };","","        local.testCase_buildLib_default = local.testCase_buildLib_default || function (","            options,","            onError","        ) {","        /*","         * this function will test buildLib's default handling-behavior","         */","            options = {};","            local.buildLib(options, onError);","        };","","        local.testCase_buildReadme_default = local.testCase_buildReadme_default || function (","            options,","            onError","        ) {","        /*","         * this function will test buildReadme's default handling-behavior-behavior","         */","            options = {};","            local.buildReadme(options, onError);","        };","","        local.testCase_buildTest_default = local.testCase_buildTest_default || function (","            options,","            onError","        ) {","        /*","         * this function will test buildTest's default handling-behavior","         */","            options = {};","            local.buildTest(options, onError);","        };","","        local.testCase_webpage_default = local.testCase_webpage_default || function (","            options,","            onError","        ) {","        /*","         * this function will test webpage's default handling-behavior","         */","            options = { modeCoverageMerge: true, url: local.serverLocalHost + '?modeTest=1' };","            local.browserTest(options, onError);","        };","","        // run test-server","        local.testRunServer(local);","        break;","    }","}());",""],"l":{"12":2,"14":2,"19":2,"21":2,"23":2,"24":2,"25":2,"30":1,"37":2,"40":2,"43":1,"47":1,"50":1,"52":1,"55":2,"61":2,"62":2,"64":2,"70":1,"76":1,"82":2,"83":2,"85":2,"92":1,"95":1,"102":1,"109":1,"110":1,"113":1,"120":1,"121":1,"122":1,"123":1,"124":1,"125":1,"128":1,"133":2,"134":2,"137":1,"144":2,"145":2,"148":1,"155":2,"156":2,"159":1,"166":2,"167":2,"170":1,"177":1,"178":1,"182":1,"183":1}},"/home/travis/build/npmtest/node-npmtest-faye-websocket/lib.npmtest_faye_websocket.js":{"path":"/home/travis/build/npmtest/node-npmtest-faye-websocket/lib.npmtest_faye_websocket.js","s":{"1":2,"2":2,"3":2,"4":2,"5":2,"6":2,"7":2,"8":1,"9":2,"10":2,"11":2,"12":2,"13":1,"14":1,"15":1,"16":1},"b":{"1":[2,1,1,1],"2":[1,1,1,1],"3":[1,1],"4":[2,2],"5":[1,1]},"f":{"1":2,"2":2,"3":2},"fnMap":{"1":{"name":"(anonymous_1)","line":12,"loc":{"start":{"line":12,"column":1},"end":{"line":12,"column":13}}},"2":{"name":"(anonymous_2)","line":19,"loc":{"start":{"line":19,"column":5},"end":{"line":19,"column":17}}},"3":{"name":"(anonymous_3)","line":23,"loc":{"start":{"line":23,"column":24},"end":{"line":23,"column":36}}}},"statementMap":{"1":{"start":{"line":12,"column":0},"end":{"line":53,"column":5}},"2":{"start":{"line":14,"column":4},"end":{"line":14,"column":14}},"3":{"start":{"line":19,"column":4},"end":{"line":52,"column":9}},"4":{"start":{"line":21,"column":8},"end":{"line":21,"column":19}},"5":{"start":{"line":23,"column":8},"end":{"line":35,"column":13}},"6":{"start":{"line":24,"column":12},"end":{"line":34,"column":13}},"7":{"start":{"line":25,"column":16},"end":{"line":28,"column":30}},"8":{"start":{"line":30,"column":16},"end":{"line":33,"column":27}},"9":{"start":{"line":37,"column":8},"end":{"line":39,"column":21}},"10":{"start":{"line":41,"column":8},"end":{"line":41,"column":54}},"11":{"start":{"line":43,"column":8},"end":{"line":43,"column":59}},"12":{"start":{"line":45,"column":8},"end":{"line":51,"column":9}},"13":{"start":{"line":46,"column":12},"end":{"line":46,"column":65}},"14":{"start":{"line":48,"column":12},"end":{"line":48,"column":35}},"15":{"start":{"line":49,"column":12},"end":{"line":49,"column":49}},"16":{"start":{"line":50,"column":12},"end":{"line":50,"column":43}}},"branchMap":{"1":{"line":25,"type":"binary-expr","locations":[{"start":{"line":25,"column":23},"end":{"line":25,"column":62}},{"start":{"line":26,"column":20},"end":{"line":26,"column":70}},{"start":{"line":27,"column":20},"end":{"line":27,"column":71}},{"start":{"line":28,"column":20},"end":{"line":28,"column":29}}]},"2":{"line":30,"type":"binary-expr","locations":[{"start":{"line":30,"column":23},"end":{"line":30,"column":37}},{"start":{"line":31,"column":20},"end":{"line":31,"column":61}},{"start":{"line":32,"column":20},"end":{"line":32,"column":70}},{"start":{"line":33,"column":20},"end":{"line":33,"column":26}}]},"3":{"line":37,"type":"cond-expr","locations":[{"start":{"line":38,"column":14},"end":{"line":38,"column":20}},{"start":{"line":39,"column":14},"end":{"line":39,"column":20}}]},"4":{"line":41,"type":"binary-expr","locations":[{"start":{"line":41,"column":16},"end":{"line":41,"column":44}},{"start":{"line":41,"column":48},"end":{"line":41,"column":53}}]},"5":{"line":45,"type":"if","locations":[{"start":{"line":45,"column":8},"end":{"line":45,"column":8}},{"start":{"line":45,"column":8},"end":{"line":45,"column":8}}]}},"code":["/* istanbul instrument in package npmtest_faye_websocket */","/*jslint","    bitwise: true,","    browser: true,","    maxerr: 8,","    maxlen: 96,","    node: true,","    nomen: true,","    regexp: true,","    stupid: true","*/","(function () {","    'use strict';","    var local;","","","","    // run shared js-env code - pre-init","    (function () {","        // init local","        local = {};","        // init modeJs","        local.modeJs = (function () {","            try {","                return typeof navigator.userAgent === 'string' &&","                    typeof document.querySelector('body') === 'object' &&","                    typeof XMLHttpRequest.prototype.open === 'function' &&","                    'browser';","            } catch (errorCaughtBrowser) {","                return module.exports &&","                    typeof process.versions.node === 'string' &&","                    typeof require('http').createServer === 'function' &&","                    'node';","            }","        }());","        // init global","        local.global = local.modeJs === 'browser'","            ? window","            : global;","        // init utility2_rollup","        local = local.global.utility2_rollup || local;","        // init lib","        local.local = local.npmtest_faye_websocket = local;","        // init exports","        if (local.modeJs === 'browser') {","            local.global.utility2_npmtest_faye_websocket = local;","        } else {","            module.exports = local;","            module.exports.__dirname = __dirname;","            module.exports.module = module;","        }","    }());","}());",""],"l":{"12":2,"14":2,"19":2,"21":2,"23":2,"24":2,"25":2,"30":1,"37":2,"41":2,"43":2,"45":2,"46":1,"48":1,"49":1,"50":1}},"/home/travis/build/npmtest/node-npmtest-faye-websocket/example.js":{"path":"/home/travis/build/npmtest/node-npmtest-faye-websocket/example.js","s":{"1":2,"2":2,"3":2,"4":2,"5":2,"6":2,"7":2,"8":1,"9":2,"10":2,"11":2,"12":2,"13":1,"14":2,"15":2,"16":2,"17":2,"18":2,"19":0,"20":2,"21":1,"22":1,"23":1,"24":1,"25":1,"26":0,"27":0,"28":1,"29":1,"30":2,"31":0,"32":0,"33":0,"34":1,"35":2,"36":2,"37":2,"38":2,"39":2,"40":2,"41":0,"42":2,"43":2,"44":2,"45":1,"46":3,"47":1,"48":1,"49":1,"50":1,"51":1,"52":1,"53":1,"54":1,"55":1,"56":1,"57":0,"58":1,"59":6,"60":6,"61":1,"62":2,"63":0,"64":2,"65":1,"66":1,"67":0,"68":0,"69":0,"70":0,"71":0,"72":0,"73":0,"74":0,"75":0,"76":0,"77":0,"78":0,"79":0,"80":0,"81":0,"82":0,"83":0},"b":{"1":[2,1,1,1],"2":[1,1,1,1],"3":[1,1],"4":[2,2],"5":[1,1],"6":[1,1],"7":[2,0],"8":[2,1,1,1,1,1],"9":[0,2,0],"10":[1,1],"11":[2,1,1],"12":[1,0],"13":[0,2],"14":[2,0,0,0,0,0,0],"15":[0,2],"16":[2,0],"17":[1,1],"18":[0,1],"19":[1,2,0,2],"20":[1,0],"21":[1,1],"22":[0,0],"23":[0,0],"24":[0,0],"25":[0,0],"26":[0,0],"27":[0,0],"28":[0,0]},"f":{"1":2,"2":2,"3":2,"4":2,"5":2,"6":2,"7":2,"8":2,"9":3,"10":1,"11":6,"12":0},"fnMap":{"1":{"name":"(anonymous_1)","line":26,"loc":{"start":{"line":26,"column":1},"end":{"line":26,"column":13}}},"2":{"name":"(anonymous_2)","line":33,"loc":{"start":{"line":33,"column":5},"end":{"line":33,"column":17}}},"3":{"name":"(anonymous_3)","line":37,"loc":{"start":{"line":37,"column":24},"end":{"line":37,"column":36}}},"4":{"name":"(anonymous_4)","line":69,"loc":{"start":{"line":69,"column":31},"end":{"line":69,"column":48}},"skip":true},"5":{"name":"(anonymous_5)","line":78,"loc":{"start":{"line":78,"column":26},"end":{"line":78,"column":45}},"skip":true},"6":{"name":"(anonymous_6)","line":123,"loc":{"start":{"line":123,"column":33},"end":{"line":123,"column":48}},"skip":true},"7":{"name":"(anonymous_7)","line":125,"loc":{"start":{"line":125,"column":27},"end":{"line":125,"column":39}},"skip":true},"8":{"name":"(anonymous_8)","line":133,"loc":{"start":{"line":133,"column":59},"end":{"line":133,"column":74}},"skip":true},"9":{"name":"(anonymous_9)","line":143,"loc":{"start":{"line":143,"column":45},"end":{"line":143,"column":62}},"skip":true},"10":{"name":"(anonymous_10)","line":144,"loc":{"start":{"line":144,"column":73},"end":{"line":144,"column":92}},"skip":true},"11":{"name":"(anonymous_11)","line":272,"loc":{"start":{"line":272,"column":51},"end":{"line":272,"column":77}},"skip":true},"12":{"name":"(anonymous_12)","line":314,"loc":{"start":{"line":314,"column":32},"end":{"line":314,"column":61}},"skip":true}},"statementMap":{"1":{"start":{"line":26,"column":0},"end":{"line":325,"column":5}},"2":{"start":{"line":28,"column":4},"end":{"line":28,"column":14}},"3":{"start":{"line":33,"column":4},"end":{"line":60,"column":9}},"4":{"start":{"line":35,"column":8},"end":{"line":35,"column":19}},"5":{"start":{"line":37,"column":8},"end":{"line":49,"column":13}},"6":{"start":{"line":38,"column":12},"end":{"line":48,"column":13}},"7":{"start":{"line":39,"column":16},"end":{"line":42,"column":30}},"8":{"start":{"line":44,"column":16},"end":{"line":47,"column":27}},"9":{"start":{"line":51,"column":8},"end":{"line":53,"column":21}},"10":{"start":{"line":55,"column":8},"end":{"line":57,"column":45}},"11":{"start":{"line":59,"column":8},"end":{"line":59,"column":35}},"12":{"start":{"line":61,"column":4},"end":{"line":324,"column":5}},"13":{"start":{"line":69,"column":8},"end":{"line":121,"column":10},"skip":true},"14":{"start":{"line":70,"column":12},"end":{"line":88,"column":13},"skip":true},"15":{"start":{"line":76,"column":16},"end":{"line":87,"column":19},"skip":true},"16":{"start":{"line":79,"column":20},"end":{"line":86,"column":21},"skip":true},"17":{"start":{"line":82,"column":24},"end":{"line":82,"column":43},"skip":true},"18":{"start":{"line":83,"column":24},"end":{"line":83,"column":30},"skip":true},"19":{"start":{"line":85,"column":24},"end":{"line":85,"column":49},"skip":true},"20":{"start":{"line":89,"column":12},"end":{"line":107,"column":13},"skip":true},"21":{"start":{"line":92,"column":16},"end":{"line":102,"column":17},"skip":true},"22":{"start":{"line":93,"column":20},"end":{"line":93,"column":86},"skip":true},"23":{"start":{"line":94,"column":20},"end":{"line":95,"column":45},"skip":true},"24":{"start":{"line":96,"column":20},"end":{"line":96,"column":42},"skip":true},"25":{"start":{"line":97,"column":20},"end":{"line":97,"column":48},"skip":true},"26":{"start":{"line":100,"column":20},"end":{"line":100,"column":85},"skip":true},"27":{"start":{"line":101,"column":20},"end":{"line":101,"column":96},"skip":true},"28":{"start":{"line":103,"column":16},"end":{"line":103,"column":22},"skip":true},"29":{"start":{"line":106,"column":16},"end":{"line":106,"column":22},"skip":true},"30":{"start":{"line":108,"column":12},"end":{"line":120,"column":13},"skip":true},"31":{"start":{"line":114,"column":16},"end":{"line":119,"column":17},"skip":true},"32":{"start":{"line":116,"column":20},"end":{"line":116,"column":78},"skip":true},"33":{"start":{"line":118,"column":20},"end":{"line":118,"column":47},"skip":true},"34":{"start":{"line":123,"column":8},"end":{"line":141,"column":11},"skip":true},"35":{"start":{"line":124,"column":12},"end":{"line":124,"column":54},"skip":true},"36":{"start":{"line":125,"column":12},"end":{"line":140,"column":14},"skip":true},"37":{"start":{"line":126,"column":16},"end":{"line":126,"column":28},"skip":true},"38":{"start":{"line":127,"column":16},"end":{"line":127,"column":69},"skip":true},"39":{"start":{"line":128,"column":16},"end":{"line":128,"column":75},"skip":true},"40":{"start":{"line":129,"column":16},"end":{"line":131,"column":17},"skip":true},"41":{"start":{"line":130,"column":20},"end":{"line":130,"column":27},"skip":true},"42":{"start":{"line":133,"column":16},"end":{"line":137,"column":36},"skip":true},"43":{"start":{"line":134,"column":20},"end":{"line":136,"column":55},"skip":true},"44":{"start":{"line":139,"column":16},"end":{"line":139,"column":57},"skip":true},"45":{"start":{"line":143,"column":8},"end":{"line":147,"column":11},"skip":true},"46":{"start":{"line":144,"column":12},"end":{"line":146,"column":15},"skip":true},"47":{"start":{"line":145,"column":16},"end":{"line":145,"column":70},"skip":true},"48":{"start":{"line":149,"column":8},"end":{"line":149,"column":31},"skip":true},"49":{"start":{"line":150,"column":8},"end":{"line":150,"column":14},"skip":true},"50":{"start":{"line":158,"column":8},"end":{"line":158,"column":31},"skip":true},"51":{"start":{"line":160,"column":8},"end":{"line":160,"column":33},"skip":true},"52":{"start":{"line":161,"column":8},"end":{"line":161,"column":37},"skip":true},"53":{"start":{"line":162,"column":8},"end":{"line":162,"column":35},"skip":true},"54":{"start":{"line":164,"column":8},"end":{"line":164,"column":50},"skip":true},"55":{"start":{"line":166,"column":8},"end":{"line":256,"column":2},"skip":true},"56":{"start":{"line":258,"column":8},"end":{"line":286,"column":9},"skip":true},"57":{"start":{"line":259,"column":12},"end":{"line":269,"column":14},"skip":true},"58":{"start":{"line":271,"column":12},"end":{"line":285,"column":19},"skip":true},"59":{"start":{"line":274,"column":20},"end":{"line":274,"column":35},"skip":true},"60":{"start":{"line":275,"column":20},"end":{"line":284,"column":21},"skip":true},"61":{"start":{"line":277,"column":24},"end":{"line":277,"column":64},"skip":true},"62":{"start":{"line":279,"column":24},"end":{"line":279,"column":40},"skip":true},"63":{"start":{"line":281,"column":24},"end":{"line":281,"column":40},"skip":true},"64":{"start":{"line":283,"column":24},"end":{"line":283,"column":39},"skip":true},"65":{"start":{"line":288,"column":8},"end":{"line":290,"column":9},"skip":true},"66":{"start":{"line":289,"column":12},"end":{"line":289,"column":18},"skip":true},"67":{"start":{"line":291,"column":8},"end":{"line":293,"column":54},"skip":true},"68":{"start":{"line":294,"column":8},"end":{"line":301,"column":37},"skip":true},"69":{"start":{"line":302,"column":8},"end":{"line":302,"column":82},"skip":true},"70":{"start":{"line":305,"column":8},"end":{"line":307,"column":9},"skip":true},"71":{"start":{"line":306,"column":12},"end":{"line":306,"column":82},"skip":true},"72":{"start":{"line":309,"column":8},"end":{"line":311,"column":9},"skip":true},"73":{"start":{"line":310,"column":12},"end":{"line":310,"column":18},"skip":true},"74":{"start":{"line":312,"column":8},"end":{"line":312,"column":54},"skip":true},"75":{"start":{"line":313,"column":8},"end":{"line":313,"column":69},"skip":true},"76":{"start":{"line":314,"column":8},"end":{"line":322,"column":36},"skip":true},"77":{"start":{"line":315,"column":12},"end":{"line":315,"column":61},"skip":true},"78":{"start":{"line":316,"column":12},"end":{"line":319,"column":13},"skip":true},"79":{"start":{"line":317,"column":16},"end":{"line":317,"column":75},"skip":true},"80":{"start":{"line":318,"column":16},"end":{"line":318,"column":23},"skip":true},"81":{"start":{"line":320,"column":12},"end":{"line":320,"column":38},"skip":true},"82":{"start":{"line":321,"column":12},"end":{"line":321,"column":27},"skip":true},"83":{"start":{"line":323,"column":8},"end":{"line":323,"column":14},"skip":true}},"branchMap":{"1":{"line":39,"type":"binary-expr","locations":[{"start":{"line":39,"column":23},"end":{"line":39,"column":62}},{"start":{"line":40,"column":20},"end":{"line":40,"column":70}},{"start":{"line":41,"column":20},"end":{"line":41,"column":71}},{"start":{"line":42,"column":20},"end":{"line":42,"column":29}}]},"2":{"line":44,"type":"binary-expr","locations":[{"start":{"line":44,"column":23},"end":{"line":44,"column":37}},{"start":{"line":45,"column":20},"end":{"line":45,"column":61}},{"start":{"line":46,"column":20},"end":{"line":46,"column":70}},{"start":{"line":47,"column":20},"end":{"line":47,"column":26}}]},"3":{"line":51,"type":"cond-expr","locations":[{"start":{"line":52,"column":14},"end":{"line":52,"column":20}},{"start":{"line":53,"column":14},"end":{"line":53,"column":20}}]},"4":{"line":55,"type":"binary-expr","locations":[{"start":{"line":55,"column":16},"end":{"line":55,"column":44}},{"start":{"line":55,"column":49},"end":{"line":57,"column":43}}]},"5":{"line":55,"type":"cond-expr","locations":[{"start":{"line":56,"column":14},"end":{"line":56,"column":58}},{"start":{"line":57,"column":14},"end":{"line":57,"column":43}}]},"6":{"line":61,"type":"switch","locations":[{"start":{"line":68,"column":4},"end":{"line":150,"column":14},"skip":true},{"start":{"line":156,"column":4},"end":{"line":323,"column":14},"skip":true}]},"7":{"line":70,"type":"if","locations":[{"start":{"line":70,"column":12},"end":{"line":70,"column":12},"skip":true},{"start":{"line":70,"column":12},"end":{"line":70,"column":12},"skip":true}]},"8":{"line":70,"type":"binary-expr","locations":[{"start":{"line":70,"column":16},"end":{"line":70,"column":22},"skip":true},{"start":{"line":70,"column":27},"end":{"line":70,"column":32},"skip":true},{"start":{"line":71,"column":20},"end":{"line":71,"column":39},"skip":true},{"start":{"line":72,"column":20},"end":{"line":72,"column":49},"skip":true},{"start":{"line":73,"column":20},"end":{"line":73,"column":58},"skip":true},{"start":{"line":74,"column":20},"end":{"line":74,"column":69},"skip":true}]},"9":{"line":79,"type":"switch","locations":[{"start":{"line":80,"column":20},"end":{"line":80,"column":33},"skip":true},{"start":{"line":81,"column":20},"end":{"line":83,"column":30},"skip":true},{"start":{"line":84,"column":20},"end":{"line":85,"column":49},"skip":true}]},"10":{"line":89,"type":"switch","locations":[{"start":{"line":90,"column":12},"end":{"line":103,"column":22},"skip":true},{"start":{"line":105,"column":12},"end":{"line":106,"column":22},"skip":true}]},"11":{"line":89,"type":"binary-expr","locations":[{"start":{"line":89,"column":20},"end":{"line":89,"column":25},"skip":true},{"start":{"line":89,"column":29},"end":{"line":89,"column":48},"skip":true},{"start":{"line":89,"column":52},"end":{"line":89,"column":74},"skip":true}]},"12":{"line":92,"type":"if","locations":[{"start":{"line":92,"column":16},"end":{"line":92,"column":16},"skip":true},{"start":{"line":92,"column":16},"end":{"line":92,"column":16},"skip":true}]},"13":{"line":108,"type":"if","locations":[{"start":{"line":108,"column":12},"end":{"line":108,"column":12},"skip":true},{"start":{"line":108,"column":12},"end":{"line":108,"column":12},"skip":true}]},"14":{"line":108,"type":"binary-expr","locations":[{"start":{"line":108,"column":16},"end":{"line":108,"column":61},"skip":true},{"start":{"line":108,"column":66},"end":{"line":108,"column":72},"skip":true},{"start":{"line":108,"column":77},"end":{"line":108,"column":82},"skip":true},{"start":{"line":109,"column":20},"end":{"line":109,"column":39},"skip":true},{"start":{"line":110,"column":20},"end":{"line":110,"column":49},"skip":true},{"start":{"line":111,"column":20},"end":{"line":111,"column":58},"skip":true},{"start":{"line":112,"column":20},"end":{"line":112,"column":68},"skip":true}]},"15":{"line":129,"type":"if","locations":[{"start":{"line":129,"column":16},"end":{"line":129,"column":16},"skip":true},{"start":{"line":129,"column":16},"end":{"line":129,"column":16},"skip":true}]},"16":{"line":134,"type":"cond-expr","locations":[{"start":{"line":135,"column":26},"end":{"line":135,"column":29},"skip":true},{"start":{"line":136,"column":26},"end":{"line":136,"column":54},"skip":true}]},"17":{"line":164,"type":"binary-expr","locations":[{"start":{"line":164,"column":27},"end":{"line":164,"column":43},"skip":true},{"start":{"line":164,"column":47},"end":{"line":164,"column":49},"skip":true}]},"18":{"line":258,"type":"if","locations":[{"start":{"line":258,"column":8},"end":{"line":258,"column":8},"skip":true},{"start":{"line":258,"column":8},"end":{"line":258,"column":8},"skip":true}]},"19":{"line":275,"type":"switch","locations":[{"start":{"line":276,"column":20},"end":{"line":277,"column":64},"skip":true},{"start":{"line":278,"column":20},"end":{"line":279,"column":40},"skip":true},{"start":{"line":280,"column":20},"end":{"line":281,"column":40},"skip":true},{"start":{"line":282,"column":20},"end":{"line":283,"column":39},"skip":true}]},"20":{"line":288,"type":"if","locations":[{"start":{"line":288,"column":8},"end":{"line":288,"column":8},"skip":true},{"start":{"line":288,"column":8},"end":{"line":288,"column":8},"skip":true}]},"21":{"line":288,"type":"binary-expr","locations":[{"start":{"line":288,"column":12},"end":{"line":288,"column":40},"skip":true},{"start":{"line":288,"column":44},"end":{"line":288,"column":67},"skip":true}]},"22":{"line":292,"type":"binary-expr","locations":[{"start":{"line":292,"column":12},"end":{"line":292,"column":50},"skip":true},{"start":{"line":293,"column":12},"end":{"line":293,"column":53},"skip":true}]},"23":{"line":295,"type":"binary-expr","locations":[{"start":{"line":295,"column":12},"end":{"line":295,"column":72},"skip":true},{"start":{"line":296,"column":12},"end":{"line":301,"column":36},"skip":true}]},"24":{"line":302,"type":"binary-expr","locations":[{"start":{"line":302,"column":43},"end":{"line":302,"column":75},"skip":true},{"start":{"line":302,"column":79},"end":{"line":302,"column":81},"skip":true}]},"25":{"line":305,"type":"if","locations":[{"start":{"line":305,"column":8},"end":{"line":305,"column":8},"skip":true},{"start":{"line":305,"column":8},"end":{"line":305,"column":8},"skip":true}]},"26":{"line":309,"type":"if","locations":[{"start":{"line":309,"column":8},"end":{"line":309,"column":8},"skip":true},{"start":{"line":309,"column":8},"end":{"line":309,"column":8},"skip":true}]},"27":{"line":312,"type":"binary-expr","locations":[{"start":{"line":312,"column":27},"end":{"line":312,"column":43},"skip":true},{"start":{"line":312,"column":47},"end":{"line":312,"column":53},"skip":true}]},"28":{"line":316,"type":"if","locations":[{"start":{"line":316,"column":12},"end":{"line":316,"column":12},"skip":true},{"start":{"line":316,"column":12},"end":{"line":316,"column":12},"skip":true}]}},"code":["/*","example.js","","quickstart example","","instruction","    1. save this script as example.js","    2. run the shell command:","        $ npm install npmtest-faye-websocket && PORT=8081 node example.js","    3. play with the browser-demo on http://127.0.0.1:8081","*/","","","","/* istanbul instrument in package npmtest_faye_websocket */","/*jslint","    bitwise: true,","    browser: true,","    maxerr: 8,","    maxlen: 96,","    node: true,","    nomen: true,","    regexp: true,","    stupid: true","*/","(function () {","    'use strict';","    var local;","","","","    // run shared js-env code - pre-init","    (function () {","        // init local","        local = {};","        // init modeJs","        local.modeJs = (function () {","            try {","                return typeof navigator.userAgent === 'string' &&","                    typeof document.querySelector('body') === 'object' &&","                    typeof XMLHttpRequest.prototype.open === 'function' &&","                    'browser';","            } catch (errorCaughtBrowser) {","                return module.exports &&","                    typeof process.versions.node === 'string' &&","                    typeof require('http').createServer === 'function' &&","                    'node';","            }","        }());","        // init global","        local.global = local.modeJs === 'browser'","            ? window","            : global;","        // init utility2_rollup","        local = local.global.utility2_rollup || (local.modeJs === 'browser'","            ? local.global.utility2_npmtest_faye_websocket","            : global.utility2_moduleExports);","        // export local","        local.global.local = local;","    }());","    switch (local.modeJs) {","","","","    // post-init","    // run browser js-env code - post-init","    /* istanbul ignore next */","    case 'browser':","        local.testRunBrowser = function (event) {","            if (!event || (event &&","                    event.currentTarget &&","                    event.currentTarget.className &&","                    event.currentTarget.className.includes &&","                    event.currentTarget.className.includes('onreset'))) {","                // reset output","                Array.from(","                    document.querySelectorAll('body > .resettable')","                ).forEach(function (element) {","                    switch (element.tagName) {","                    case 'INPUT':","                    case 'TEXTAREA':","                        element.value = '';","                        break;","                    default:","                        element.textContent = '';","                    }","                });","            }","            switch (event && event.currentTarget && event.currentTarget.id) {","            case 'testRunButton1':","                // show tests","                if (document.querySelector('#testReportDiv1').style.display === 'none') {","                    document.querySelector('#testReportDiv1').style.display = 'block';","                    document.querySelector('#testRunButton1').textContent =","                        'hide internal test';","                    local.modeTest = true;","                    local.testRunDefault(local);","                // hide tests","                } else {","                    document.querySelector('#testReportDiv1').style.display = 'none';","                    document.querySelector('#testRunButton1').textContent = 'run internal test';","                }","                break;","            // custom-case","            default:","                break;","            }","            if (document.querySelector('#inputTextareaEval1') && (!event || (event &&","                    event.currentTarget &&","                    event.currentTarget.className &&","                    event.currentTarget.className.includes &&","                    event.currentTarget.className.includes('oneval')))) {","                // try to eval input-code","                try {","                    /*jslint evil: true*/","                    eval(document.querySelector('#inputTextareaEval1').value);","                } catch (errorCaught) {","                    console.error(errorCaught);","                }","            }","        };","        // log stderr and stdout to #outputTextareaStdout1","        ['error', 'log'].forEach(function (key) {","            console[key + '_original'] = console[key];","            console[key] = function () {","                var element;","                console[key + '_original'].apply(console, arguments);","                element = document.querySelector('#outputTextareaStdout1');","                if (!element) {","                    return;","                }","                // append text to #outputTextareaStdout1","                element.value += Array.from(arguments).map(function (arg) {","                    return typeof arg === 'string'","                        ? arg","                        : JSON.stringify(arg, null, 4);","                }).join(' ') + '\\n';","                // scroll textarea to bottom","                element.scrollTop = element.scrollHeight;","            };","        });","        // init event-handling","        ['change', 'click', 'keyup'].forEach(function (event) {","            Array.from(document.querySelectorAll('.on' + event)).forEach(function (element) {","                element.addEventListener(event, local.testRunBrowser);","            });","        });","        // run tests","        local.testRunBrowser();","        break;","","","","    // run node js-env code - post-init","    /* istanbul ignore next */","    case 'node':","        // export local","        module.exports = local;","        // require modules","        local.fs = require('fs');","        local.http = require('http');","        local.url = require('url');","        // init assets","        local.assetsDict = local.assetsDict || {};","        /* jslint-ignore-begin */","        local.assetsDict['/assets.index.template.html'] = '\\","<!doctype html>\\n\\","<html lang=\"en\">\\n\\","<head>\\n\\","<meta charset=\"UTF-8\">\\n\\","<meta name=\"viewport\" content=\"width=device-width, initial-scale=1\">\\n\\","<title>{{env.npm_package_name}} (v{{env.npm_package_version}})</title>\\n\\","<style>\\n\\","/*csslint\\n\\","    box-sizing: false,\\n\\","    universal-selector: false\\n\\","*/\\n\\","* {\\n\\","    box-sizing: border-box;\\n\\","}\\n\\","body {\\n\\","    background: #dde;\\n\\","    font-family: Arial, Helvetica, sans-serif;\\n\\","    margin: 2rem;\\n\\","}\\n\\","body > * {\\n\\","    margin-bottom: 1rem;\\n\\","}\\n\\",".utility2FooterDiv {\\n\\","    margin-top: 20px;\\n\\","    text-align: center;\\n\\","}\\n\\","</style>\\n\\","<style>\\n\\","/*csslint\\n\\","*/\\n\\","textarea {\\n\\","    font-family: monospace;\\n\\","    height: 10rem;\\n\\","    width: 100%;\\n\\","}\\n\\","textarea[readonly] {\\n\\","    background: #ddd;\\n\\","}\\n\\","</style>\\n\\","</head>\\n\\","<body>\\n\\","<!-- utility2-comment\\n\\","<div id=\"ajaxProgressDiv1\" style=\"background: #d00; height: 2px; left: 0; margin: 0; padding: 0; position: fixed; top: 0; transition: background 0.5s, width 1.5s; width: 25%;\"></div>\\n\\","utility2-comment -->\\n\\","<h1>\\n\\","<!-- utility2-comment\\n\\","    <a\\n\\","        {{#if env.npm_package_homepage}}\\n\\","        href=\"{{env.npm_package_homepage}}\"\\n\\","        {{/if env.npm_package_homepage}}\\n\\","        target=\"_blank\"\\n\\","    >\\n\\","utility2-comment -->\\n\\","        {{env.npm_package_name}} (v{{env.npm_package_version}})\\n\\","<!-- utility2-comment\\n\\","    </a>\\n\\","utility2-comment -->\\n\\","</h1>\\n\\","<h3>{{env.npm_package_description}}</h3>\\n\\","<!-- utility2-comment\\n\\","<h4><a download href=\"assets.app.js\">download standalone app</a></h4>\\n\\","<button class=\"onclick onreset\" id=\"testRunButton1\">run internal test</button><br>\\n\\","<div id=\"testReportDiv1\" style=\"display: none;\"></div>\\n\\","utility2-comment -->\\n\\","\\n\\","\\n\\","\\n\\","<label>stderr and stdout</label>\\n\\","<textarea class=\"resettable\" id=\"outputTextareaStdout1\" readonly></textarea>\\n\\","<!-- utility2-comment\\n\\","{{#if isRollup}}\\n\\","<script src=\"assets.app.js\"></script>\\n\\","{{#unless isRollup}}\\n\\","utility2-comment -->\\n\\","<script src=\"assets.utility2.rollup.js\"></script>\\n\\","<script src=\"jsonp.utility2._stateInit?callback=window.utility2._stateInit\"></script>\\n\\","<script src=\"assets.npmtest_faye_websocket.rollup.js\"></script>\\n\\","<script src=\"assets.example.js\"></script>\\n\\","<script src=\"assets.test.js\"></script>\\n\\","<!-- utility2-comment\\n\\","{{/if isRollup}}\\n\\","utility2-comment -->\\n\\","<div class=\"utility2FooterDiv\">\\n\\","    [ this app was created with\\n\\","    <a href=\"https://github.com/kaizhu256/node-utility2\" target=\"_blank\">utility2</a>\\n\\","    ]\\n\\","</div>\\n\\","</body>\\n\\","</html>\\n\\","';","        /* jslint-ignore-end */","        if (local.templateRender) {","            local.assetsDict['/'] = local.templateRender(","                local.assetsDict['/assets.index.template.html'],","                {","                    env: local.objectSetDefault(local.env, {","                        npm_package_description: 'the greatest app in the world!',","                        npm_package_name: 'my-app',","                        npm_package_nameAlias: 'my_app',","                        npm_package_version: '0.0.1'","                    })","                }","            );","        } else {","            local.assetsDict['/'] = local.assetsDict['/assets.index.template.html']","                .replace((/\\{\\{env\\.(\\w+?)\\}\\}/g), function (match0, match1) {","                    // jslint-hack","                    String(match0);","                    switch (match1) {","                    case 'npm_package_description':","                        return 'the greatest app in the world!';","                    case 'npm_package_name':","                        return 'my-app';","                    case 'npm_package_nameAlias':","                        return 'my_app';","                    case 'npm_package_version':","                        return '0.0.1';","                    }","                });","        }","        // run the cli","        if (local.global.utility2_rollup || module !== require.main) {","            break;","        }","        local.assetsDict['/assets.example.js'] =","            local.assetsDict['/assets.example.js'] ||","            local.fs.readFileSync(__filename, 'utf8');","        local.assetsDict['/assets.npmtest_faye_websocket.rollup.js'] =","            local.assetsDict['/assets.npmtest_faye_websocket.rollup.js'] ||","            local.fs.readFileSync(","                // buildCustomOrg-hack","                local.npmtest_faye_websocket.__dirname +","                    '/lib.npmtest_faye_websocket.js',","                'utf8'","            ).replace((/^#!/), '//');","        local.assetsDict['/favicon.ico'] = local.assetsDict['/favicon.ico'] || '';","        // if $npm_config_timeout_exit exists,","        // then exit this process after $npm_config_timeout_exit ms","        if (Number(process.env.npm_config_timeout_exit)) {","            setTimeout(process.exit, Number(process.env.npm_config_timeout_exit));","        }","        // start server","        if (local.global.utility2_serverHttp1) {","            break;","        }","        process.env.PORT = process.env.PORT || '8081';","        console.error('server starting on port ' + process.env.PORT);","        local.http.createServer(function (request, response) {","            request.urlParsed = local.url.parse(request.url);","            if (local.assetsDict[request.urlParsed.pathname] !== undefined) {","                response.end(local.assetsDict[request.urlParsed.pathname]);","                return;","            }","            response.statusCode = 404;","            response.end();","        }).listen(process.env.PORT);","        break;","    }","}());",""],"l":{"26":2,"28":2,"33":2,"35":2,"37":2,"38":2,"39":2,"44":1,"51":2,"55":2,"59":2,"61":2,"69":1,"70":2,"76":2,"79":2,"82":2,"83":2,"85":1,"89":2,"92":1,"93":1,"94":1,"96":1,"97":1,"100":1,"101":1,"103":1,"106":1,"108":2,"114":1,"116":1,"118":1,"123":1,"124":2,"125":2,"126":2,"127":2,"128":2,"129":2,"130":1,"133":2,"134":2,"139":2,"143":1,"144":3,"145":1,"149":1,"150":1,"158":1,"160":1,"161":1,"162":1,"164":1,"166":1,"258":1,"259":1,"271":1,"274":6,"275":6,"277":1,"279":2,"281":1,"283":2,"288":1,"289":1,"291":1,"294":1,"302":1,"305":1,"306":1,"309":1,"310":1,"312":1,"313":1,"314":1,"315":1,"316":1,"317":1,"318":1,"320":1,"321":1,"323":1}},"/home/travis/build/npmtest/node-npmtest-faye-websocket/node_modules/faye-websocket/lib/faye/websocket.js":{"path":"/home/travis/build/npmtest/node-npmtest-faye-websocket/node_modules/faye-websocket/lib/faye/websocket.js","s":{"1":1,"2":1,"3":0,"4":0,"5":0,"6":0,"7":0,"8":0,"9":0,"10":0,"11":0,"12":0,"13":0,"14":0,"15":0,"16":0,"17":0,"18":1,"19":1,"20":0,"21":1,"22":0,"23":1,"24":1,"25":1,"26":1},"b":{"1":[0,0],"2":[0,0],"3":[0,0],"4":[0,0]},"f":{"1":0,"2":0,"3":0,"4":0,"5":0},"fnMap":{"1":{"name":"(anonymous_1)","line":11,"loc":{"start":{"line":11,"column":16},"end":{"line":11,"column":68}}},"2":{"name":"(anonymous_2)","line":21,"loc":{"start":{"line":21,"column":16},"end":{"line":21,"column":27}}},"3":{"name":"(anonymous_3)","line":26,"loc":{"start":{"line":26,"column":19},"end":{"line":26,"column":30}}},"4":{"name":"(anonymous_4)","line":33,"loc":{"start":{"line":33,"column":24},"end":{"line":33,"column":42}}},"5":{"name":"(anonymous_5)","line":37,"loc":{"start":{"line":37,"column":28},"end":{"line":37,"column":57}}}},"statementMap":{"1":{"start":{"line":7,"column":0},"end":{"line":9,"column":40}},"2":{"start":{"line":11,"column":0},"end":{"line":30,"column":2}},"3":{"start":{"line":12,"column":2},"end":{"line":12,"column":26}},"4":{"start":{"line":14,"column":2},"end":{"line":14,"column":24}},"5":{"start":{"line":15,"column":2},"end":{"line":15,"column":92}},"6":{"start":{"line":17,"column":2},"end":{"line":17,"column":18}},"7":{"start":{"line":18,"column":2},"end":{"line":18,"column":54}},"8":{"start":{"line":18,"column":47},"end":{"line":18,"column":54}},"9":{"start":{"line":19,"column":2},"end":{"line":19,"column":56}},"10":{"start":{"line":19,"column":30},"end":{"line":19,"column":56}},"11":{"start":{"line":21,"column":2},"end":{"line":21,"column":76}},"12":{"start":{"line":21,"column":29},"end":{"line":21,"column":74}},"13":{"start":{"line":22,"column":2},"end":{"line":22,"column":35}},"14":{"start":{"line":24,"column":2},"end":{"line":24,"column":26}},"15":{"start":{"line":26,"column":2},"end":{"line":29,"column":5}},"16":{"start":{"line":27,"column":4},"end":{"line":27,"column":25}},"17":{"start":{"line":28,"column":4},"end":{"line":28,"column":32}},"18":{"start":{"line":31,"column":0},"end":{"line":31,"column":30}},"19":{"start":{"line":33,"column":0},"end":{"line":35,"column":2}},"20":{"start":{"line":34,"column":2},"end":{"line":34,"column":37}},"21":{"start":{"line":37,"column":0},"end":{"line":39,"column":2}},"22":{"start":{"line":38,"column":2},"end":{"line":38,"column":45}},"23":{"start":{"line":41,"column":0},"end":{"line":41,"column":34}},"24":{"start":{"line":42,"column":0},"end":{"line":42,"column":54}},"25":{"start":{"line":43,"column":0},"end":{"line":43,"column":49}},"26":{"start":{"line":45,"column":0},"end":{"line":45,"column":34}}},"branchMap":{"1":{"line":12,"type":"binary-expr","locations":[{"start":{"line":12,"column":12},"end":{"line":12,"column":19}},{"start":{"line":12,"column":23},"end":{"line":12,"column":25}}]},"2":{"line":18,"type":"if","locations":[{"start":{"line":18,"column":2},"end":{"line":18,"column":2}},{"start":{"line":18,"column":2},"end":{"line":18,"column":2}}]},"3":{"line":18,"type":"binary-expr","locations":[{"start":{"line":18,"column":6},"end":{"line":18,"column":19}},{"start":{"line":18,"column":23},"end":{"line":18,"column":45}}]},"4":{"line":19,"type":"if","locations":[{"start":{"line":19,"column":2},"end":{"line":19,"column":2}},{"start":{"line":19,"column":2},"end":{"line":19,"column":2}}]}},"code":["// API references:","//","// * https://html.spec.whatwg.org/multipage/comms.html#network","// * https://dom.spec.whatwg.org/#interface-eventtarget","// * https://dom.spec.whatwg.org/#interface-event","","var util   = require('util'),","    driver = require('websocket-driver'),","    API    = require('./websocket/api');","","var WebSocket = function(request, socket, body, protocols, options) {","  options = options || {};","","  this._stream = socket;","  this._driver = driver.http(request, {maxLength: options.maxLength, protocols: protocols});","","  var self = this;","  if (!this._stream || !this._stream.writable) return;","  if (!this._stream.readable) return this._stream.end();","","  var catchup = function() { self._stream.removeListener('data', catchup) };","  this._stream.on('data', catchup);","","  API.call(this, options);","","  process.nextTick(function() {","    self._driver.start();","    self._driver.io.write(body);","  });","};","util.inherits(WebSocket, API);","","WebSocket.isWebSocket = function(request) {","  return driver.isWebSocket(request);","};","","WebSocket.validateOptions = function(options, validKeys) {","  driver.validateOptions(options, validKeys);","};","","WebSocket.WebSocket   = WebSocket;","WebSocket.Client      = require('./websocket/client');","WebSocket.EventSource = require('./eventsource');","","module.exports        = WebSocket;",""],"l":{"7":1,"11":1,"12":0,"14":0,"15":0,"17":0,"18":0,"19":0,"21":0,"22":0,"24":0,"26":0,"27":0,"28":0,"31":1,"33":1,"34":0,"37":1,"38":0,"41":1,"42":1,"43":1,"45":1}},"/home/travis/build/npmtest/node-npmtest-faye-websocket/node_modules/faye-websocket/lib/faye/websocket/api.js":{"path":"/home/travis/build/npmtest/node-npmtest-faye-websocket/node_modules/faye-websocket/lib/faye/websocket/api.js","s":{"1":1,"2":1,"3":0,"4":0,"5":0,"6":0,"7":0,"8":0,"9":0,"10":0,"11":0,"12":0,"13":0,"14":0,"15":0,"16":0,"17":0,"18":0,"19":0,"20":0,"21":0,"22":0,"23":0,"24":0,"25":0,"26":0,"27":0,"28":0,"29":0,"30":0,"31":0,"32":0,"33":0,"34":0,"35":0,"36":0,"37":0,"38":0,"39":0,"40":1,"41":1,"42":1,"43":1,"44":1,"45":1,"46":1,"47":0,"48":0,"49":0,"50":0,"51":0,"52":0,"53":0,"54":0,"55":0,"56":0,"57":0,"58":0,"59":0,"60":0,"61":0,"62":0,"63":0,"64":0,"65":0,"66":0,"67":0,"68":0,"69":0,"70":0,"71":0,"72":0,"73":0,"74":0,"75":0,"76":0,"77":0,"78":0,"79":0,"80":0,"81":0,"82":0,"83":0,"84":0,"85":0,"86":0,"87":0,"88":0,"89":0,"90":0,"91":0,"92":0,"93":0,"94":0,"95":0,"96":0,"97":0,"98":0,"99":0,"100":0,"101":0,"102":0,"103":0,"104":0,"105":0,"106":0,"107":0,"108":0,"109":0,"110":0,"111":0,"112":0,"113":0,"114":0,"115":0,"116":0,"117":0,"118":0,"119":0,"120":0,"121":0,"122":0,"123":0,"124":0,"125":1,"126":13,"127":1,"128":7,"129":1},"b":{"1":[0,0],"2":[0,0],"3":[0,0],"4":[0,0],"5":[0,0],"6":[0,0],"7":[0,0],"8":[0,0],"9":[0,0],"10":[0,0],"11":[0,0],"12":[0,0],"13":[0,0,0],"14":[0,0],"15":[0,0],"16":[0,0],"17":[0,0],"18":[0,0],"19":[0,0],"20":[0,0],"21":[0,0],"22":[0,0],"23":[0,0],"24":[0,0],"25":[0,0],"26":[0,0],"27":[0,0],"28":[0,0],"29":[0,0]},"f":{"1":0,"2":0,"3":0,"4":0,"5":0,"6":0,"7":0,"8":0,"9":0,"10":0,"11":0,"12":0,"13":0,"14":0,"15":0,"16":0,"17":0,"18":0,"19":0,"20":0,"21":0,"22":0,"23":0,"24":0,"25":0},"fnMap":{"1":{"name":"(anonymous_1)","line":7,"loc":{"start":{"line":7,"column":10},"end":{"line":7,"column":28}}},"2":{"name":"(anonymous_2)","line":33,"loc":{"start":{"line":33,"column":29},"end":{"line":33,"column":41}}},"3":{"name":"(anonymous_3)","line":34,"loc":{"start":{"line":34,"column":29},"end":{"line":34,"column":41}}},"4":{"name":"(anonymous_4)","line":35,"loc":{"start":{"line":35,"column":29},"end":{"line":35,"column":41}}},"5":{"name":"(anonymous_5)","line":37,"loc":{"start":{"line":37,"column":27},"end":{"line":37,"column":43}}},"6":{"name":"(anonymous_6)","line":40,"loc":{"start":{"line":40,"column":19},"end":{"line":40,"column":30}}},"7":{"name":"(anonymous_7)","line":42,"loc":{"start":{"line":42,"column":36},"end":{"line":42,"column":47}}},"8":{"name":"(anonymous_8)","line":47,"loc":{"start":{"line":47,"column":34},"end":{"line":47,"column":45}}},"9":{"name":"(anonymous_9)","line":69,"loc":{"start":{"line":69,"column":9},"end":{"line":69,"column":24}}},"10":{"name":"(anonymous_10)","line":73,"loc":{"start":{"line":73,"column":7},"end":{"line":73,"column":22}}},"11":{"name":"(anonymous_11)","line":78,"loc":{"start":{"line":78,"column":9},"end":{"line":78,"column":20}}},"12":{"name":"(anonymous_12)","line":82,"loc":{"start":{"line":82,"column":10},"end":{"line":82,"column":21}}},"13":{"name":"(anonymous_13)","line":86,"loc":{"start":{"line":86,"column":8},"end":{"line":86,"column":23}}},"14":{"name":"(anonymous_14)","line":92,"loc":{"start":{"line":92,"column":8},"end":{"line":92,"column":36}}},"15":{"name":"(anonymous_15)","line":97,"loc":{"start":{"line":97,"column":9},"end":{"line":97,"column":32}}},"16":{"name":"(anonymous_16)","line":111,"loc":{"start":{"line":111,"column":34},"end":{"line":111,"column":45}}},"17":{"name":"(anonymous_17)","line":116,"loc":{"start":{"line":116,"column":20},"end":{"line":116,"column":31}}},"18":{"name":"(anonymous_18)","line":122,"loc":{"start":{"line":122,"column":29},"end":{"line":122,"column":45}}},"19":{"name":"(anonymous_19)","line":123,"loc":{"start":{"line":123,"column":29},"end":{"line":123,"column":40}}},"20":{"name":"(anonymous_20)","line":126,"loc":{"start":{"line":126,"column":29},"end":{"line":126,"column":45}}},"21":{"name":"(anonymous_21)","line":132,"loc":{"start":{"line":132,"column":8},"end":{"line":132,"column":19}}},"22":{"name":"(anonymous_22)","line":143,"loc":{"start":{"line":143,"column":19},"end":{"line":143,"column":34}}},"23":{"name":"(anonymous_23)","line":153,"loc":{"start":{"line":153,"column":14},"end":{"line":153,"column":32}}},"24":{"name":"(anonymous_24)","line":161,"loc":{"start":{"line":161,"column":15},"end":{"line":161,"column":38}}},"25":{"name":"(anonymous_25)","line":172,"loc":{"start":{"line":172,"column":18},"end":{"line":172,"column":29}}}},"statementMap":{"1":{"start":{"line":1,"column":0},"end":{"line":5,"column":41}},"2":{"start":{"line":7,"column":0},"end":{"line":58,"column":2}},"3":{"start":{"line":8,"column":2},"end":{"line":8,"column":26}},"4":{"start":{"line":9,"column":2},"end":{"line":9,"column":104}},"5":{"start":{"line":11,"column":2},"end":{"line":11,"column":39}},"6":{"start":{"line":13,"column":2},"end":{"line":13,"column":32}},"7":{"start":{"line":14,"column":2},"end":{"line":16,"column":3}},"8":{"start":{"line":15,"column":4},"end":{"line":15,"column":74}},"9":{"start":{"line":15,"column":30},"end":{"line":15,"column":74}},"10":{"start":{"line":18,"column":2},"end":{"line":18,"column":38}},"11":{"start":{"line":19,"column":2},"end":{"line":21,"column":3}},"12":{"start":{"line":20,"column":4},"end":{"line":20,"column":75}},"13":{"start":{"line":23,"column":2},"end":{"line":23,"column":37}},"14":{"start":{"line":24,"column":2},"end":{"line":24,"column":26}},"15":{"start":{"line":25,"column":2},"end":{"line":25,"column":39}},"16":{"start":{"line":26,"column":2},"end":{"line":26,"column":26}},"17":{"start":{"line":27,"column":2},"end":{"line":27,"column":27}},"18":{"start":{"line":28,"column":2},"end":{"line":28,"column":41}},"19":{"start":{"line":29,"column":2},"end":{"line":29,"column":45}},"20":{"start":{"line":31,"column":2},"end":{"line":31,"column":18}},"21":{"start":{"line":33,"column":2},"end":{"line":33,"column":59}},"22":{"start":{"line":33,"column":43},"end":{"line":33,"column":56}},"23":{"start":{"line":34,"column":2},"end":{"line":34,"column":75}},"24":{"start":{"line":34,"column":43},"end":{"line":34,"column":72}},"25":{"start":{"line":35,"column":2},"end":{"line":35,"column":81}},"26":{"start":{"line":35,"column":43},"end":{"line":35,"column":78}},"27":{"start":{"line":37,"column":2},"end":{"line":39,"column":5}},"28":{"start":{"line":38,"column":4},"end":{"line":38,"column":35}},"29":{"start":{"line":40,"column":2},"end":{"line":40,"column":34}},"30":{"start":{"line":42,"column":2},"end":{"line":44,"column":5}},"31":{"start":{"line":43,"column":4},"end":{"line":43,"column":23}},"32":{"start":{"line":46,"column":2},"end":{"line":50,"column":26}},"33":{"start":{"line":47,"column":4},"end":{"line":50,"column":26}},"34":{"start":{"line":48,"column":6},"end":{"line":48,"column":24}},"35":{"start":{"line":49,"column":6},"end":{"line":49,"column":41}},"36":{"start":{"line":52,"column":2},"end":{"line":52,"column":26}},"37":{"start":{"line":54,"column":2},"end":{"line":57,"column":3}},"38":{"start":{"line":55,"column":4},"end":{"line":55,"column":39}},"39":{"start":{"line":56,"column":4},"end":{"line":56,"column":39}},"40":{"start":{"line":59,"column":0},"end":{"line":59,"column":27}},"41":{"start":{"line":61,"column":0},"end":{"line":61,"column":19}},"42":{"start":{"line":62,"column":0},"end":{"line":62,"column":19}},"43":{"start":{"line":63,"column":0},"end":{"line":63,"column":19}},"44":{"start":{"line":64,"column":0},"end":{"line":64,"column":19}},"45":{"start":{"line":66,"column":0},"end":{"line":66,"column":26}},"46":{"start":{"line":68,"column":0},"end":{"line":190,"column":2}},"47":{"start":{"line":70,"column":4},"end":{"line":70,"column":27}},"48":{"start":{"line":74,"column":4},"end":{"line":74,"column":44}},"49":{"start":{"line":74,"column":28},"end":{"line":74,"column":44}},"50":{"start":{"line":75,"column":4},"end":{"line":75,"column":17}},"51":{"start":{"line":79,"column":4},"end":{"line":79,"column":41}},"52":{"start":{"line":83,"column":4},"end":{"line":83,"column":42}},"53":{"start":{"line":87,"column":4},"end":{"line":87,"column":49}},"54":{"start":{"line":87,"column":36},"end":{"line":87,"column":49}},"55":{"start":{"line":88,"column":4},"end":{"line":88,"column":55}},"56":{"start":{"line":88,"column":35},"end":{"line":88,"column":55}},"57":{"start":{"line":89,"column":4},"end":{"line":89,"column":45}},"58":{"start":{"line":93,"column":4},"end":{"line":93,"column":49}},"59":{"start":{"line":93,"column":36},"end":{"line":93,"column":49}},"60":{"start":{"line":94,"column":4},"end":{"line":94,"column":48}},"61":{"start":{"line":98,"column":4},"end":{"line":98,"column":40}},"62":{"start":{"line":98,"column":28},"end":{"line":98,"column":40}},"63":{"start":{"line":99,"column":4},"end":{"line":99,"column":42}},"64":{"start":{"line":99,"column":30},"end":{"line":99,"column":42}},"65":{"start":{"line":101,"column":4},"end":{"line":104,"column":45}},"66":{"start":{"line":102,"column":6},"end":{"line":104,"column":45}},"67":{"start":{"line":106,"column":4},"end":{"line":106,"column":70}},"68":{"start":{"line":106,"column":40},"end":{"line":106,"column":70}},"69":{"start":{"line":107,"column":4},"end":{"line":107,"column":37}},"70":{"start":{"line":109,"column":4},"end":{"line":109,"column":20}},"71":{"start":{"line":111,"column":4},"end":{"line":113,"column":26}},"72":{"start":{"line":112,"column":6},"end":{"line":112,"column":33}},"73":{"start":{"line":117,"column":4},"end":{"line":117,"column":20}},"74":{"start":{"line":119,"column":4},"end":{"line":119,"column":31}},"75":{"start":{"line":120,"column":4},"end":{"line":120,"column":34}},"76":{"start":{"line":122,"column":4},"end":{"line":124,"column":13}},"77":{"start":{"line":123,"column":6},"end":{"line":123,"column":67}},"78":{"start":{"line":123,"column":42},"end":{"line":123,"column":64}},"79":{"start":{"line":126,"column":4},"end":{"line":129,"column":7}},"80":{"start":{"line":127,"column":6},"end":{"line":127,"column":75}},"81":{"start":{"line":128,"column":6},"end":{"line":128,"column":28}},"82":{"start":{"line":133,"column":4},"end":{"line":133,"column":51}},"83":{"start":{"line":133,"column":44},"end":{"line":133,"column":51}},"84":{"start":{"line":135,"column":4},"end":{"line":135,"column":31}},"85":{"start":{"line":136,"column":4},"end":{"line":136,"column":48}},"86":{"start":{"line":138,"column":4},"end":{"line":138,"column":34}},"87":{"start":{"line":139,"column":4},"end":{"line":139,"column":42}},"88":{"start":{"line":140,"column":4},"end":{"line":140,"column":30}},"89":{"start":{"line":144,"column":4},"end":{"line":144,"column":49}},"90":{"start":{"line":144,"column":36},"end":{"line":144,"column":49}},"91":{"start":{"line":146,"column":4},"end":{"line":146,"column":47}},"92":{"start":{"line":146,"column":23},"end":{"line":146,"column":47}},"93":{"start":{"line":148,"column":4},"end":{"line":148,"column":51}},"94":{"start":{"line":149,"column":4},"end":{"line":149,"column":45}},"95":{"start":{"line":150,"column":4},"end":{"line":150,"column":30}},"96":{"start":{"line":154,"column":4},"end":{"line":154,"column":47}},"97":{"start":{"line":154,"column":40},"end":{"line":154,"column":47}},"98":{"start":{"line":156,"column":4},"end":{"line":156,"column":55}},"99":{"start":{"line":157,"column":4},"end":{"line":157,"column":43}},"100":{"start":{"line":158,"column":4},"end":{"line":158,"column":30}},"101":{"start":{"line":162,"column":4},"end":{"line":162,"column":47}},"102":{"start":{"line":162,"column":40},"end":{"line":162,"column":47}},"103":{"start":{"line":163,"column":4},"end":{"line":163,"column":34}},"104":{"start":{"line":164,"column":4},"end":{"line":164,"column":39}},"105":{"start":{"line":166,"column":4},"end":{"line":169,"column":5}},"106":{"start":{"line":167,"column":6},"end":{"line":167,"column":29}},"107":{"start":{"line":168,"column":6},"end":{"line":168,"column":56}},"108":{"start":{"line":168,"column":34},"end":{"line":168,"column":56}},"109":{"start":{"line":173,"column":4},"end":{"line":173,"column":47}},"110":{"start":{"line":173,"column":40},"end":{"line":173,"column":47}},"111":{"start":{"line":174,"column":4},"end":{"line":174,"column":33}},"112":{"start":{"line":176,"column":4},"end":{"line":176,"column":57}},"113":{"start":{"line":176,"column":26},"end":{"line":176,"column":57}},"114":{"start":{"line":177,"column":4},"end":{"line":177,"column":56}},"115":{"start":{"line":177,"column":25},"end":{"line":177,"column":56}},"116":{"start":{"line":178,"column":4},"end":{"line":178,"column":41}},"117":{"start":{"line":178,"column":22},"end":{"line":178,"column":41}},"118":{"start":{"line":180,"column":4},"end":{"line":180,"column":40}},"119":{"start":{"line":180,"column":23},"end":{"line":180,"column":40}},"120":{"start":{"line":181,"column":4},"end":{"line":181,"column":42}},"121":{"start":{"line":183,"column":4},"end":{"line":184,"column":65}},"122":{"start":{"line":186,"column":4},"end":{"line":186,"column":65}},"123":{"start":{"line":187,"column":4},"end":{"line":187,"column":43}},"124":{"start":{"line":188,"column":4},"end":{"line":188,"column":30}},"125":{"start":{"line":192,"column":0},"end":{"line":192,"column":70}},"126":{"start":{"line":192,"column":29},"end":{"line":192,"column":70}},"127":{"start":{"line":193,"column":0},"end":{"line":193,"column":67}},"128":{"start":{"line":193,"column":29},"end":{"line":193,"column":67}},"129":{"start":{"line":195,"column":0},"end":{"line":195,"column":21}}},"branchMap":{"1":{"line":8,"type":"binary-expr","locations":[{"start":{"line":8,"column":12},"end":{"line":8,"column":19}},{"start":{"line":8,"column":23},"end":{"line":8,"column":25}}]},"2":{"line":14,"type":"if","locations":[{"start":{"line":14,"column":2},"end":{"line":14,"column":2}},{"start":{"line":14,"column":2},"end":{"line":14,"column":2}}]},"3":{"line":19,"type":"if","locations":[{"start":{"line":19,"column":2},"end":{"line":19,"column":2}},{"start":{"line":19,"column":2},"end":{"line":19,"column":2}}]},"4":{"line":46,"type":"if","locations":[{"start":{"line":46,"column":2},"end":{"line":46,"column":2}},{"start":{"line":46,"column":2},"end":{"line":46,"column":2}}]},"5":{"line":54,"type":"if","locations":[{"start":{"line":54,"column":2},"end":{"line":54,"column":2}},{"start":{"line":54,"column":2},"end":{"line":54,"column":2}}]},"6":{"line":74,"type":"if","locations":[{"start":{"line":74,"column":4},"end":{"line":74,"column":4}},{"start":{"line":74,"column":4},"end":{"line":74,"column":4}}]},"7":{"line":87,"type":"if","locations":[{"start":{"line":87,"column":4},"end":{"line":87,"column":4}},{"start":{"line":87,"column":4},"end":{"line":87,"column":4}}]},"8":{"line":88,"type":"if","locations":[{"start":{"line":88,"column":4},"end":{"line":88,"column":4}},{"start":{"line":88,"column":4},"end":{"line":88,"column":4}}]},"9":{"line":93,"type":"if","locations":[{"start":{"line":93,"column":4},"end":{"line":93,"column":4}},{"start":{"line":93,"column":4},"end":{"line":93,"column":4}}]},"10":{"line":98,"type":"if","locations":[{"start":{"line":98,"column":4},"end":{"line":98,"column":4}},{"start":{"line":98,"column":4},"end":{"line":98,"column":4}}]},"11":{"line":99,"type":"if","locations":[{"start":{"line":99,"column":4},"end":{"line":99,"column":4}},{"start":{"line":99,"column":4},"end":{"line":99,"column":4}}]},"12":{"line":101,"type":"if","locations":[{"start":{"line":101,"column":4},"end":{"line":101,"column":4}},{"start":{"line":101,"column":4},"end":{"line":101,"column":4}}]},"13":{"line":101,"type":"binary-expr","locations":[{"start":{"line":101,"column":8},"end":{"line":101,"column":21}},{"start":{"line":101,"column":26},"end":{"line":101,"column":37}},{"start":{"line":101,"column":41},"end":{"line":101,"column":52}}]},"14":{"line":106,"type":"if","locations":[{"start":{"line":106,"column":4},"end":{"line":106,"column":4}},{"start":{"line":106,"column":4},"end":{"line":106,"column":4}}]},"15":{"line":133,"type":"if","locations":[{"start":{"line":133,"column":4},"end":{"line":133,"column":4}},{"start":{"line":133,"column":4},"end":{"line":133,"column":4}}]},"16":{"line":136,"type":"binary-expr","locations":[{"start":{"line":136,"column":20},"end":{"line":136,"column":41}},{"start":{"line":136,"column":45},"end":{"line":136,"column":47}}]},"17":{"line":144,"type":"if","locations":[{"start":{"line":144,"column":4},"end":{"line":144,"column":4}},{"start":{"line":144,"column":4},"end":{"line":144,"column":4}}]},"18":{"line":146,"type":"if","locations":[{"start":{"line":146,"column":4},"end":{"line":146,"column":4}},{"start":{"line":146,"column":4},"end":{"line":146,"column":4}}]},"19":{"line":154,"type":"if","locations":[{"start":{"line":154,"column":4},"end":{"line":154,"column":4}},{"start":{"line":154,"column":4},"end":{"line":154,"column":4}}]},"20":{"line":162,"type":"if","locations":[{"start":{"line":162,"column":4},"end":{"line":162,"column":4}},{"start":{"line":162,"column":4},"end":{"line":162,"column":4}}]},"21":{"line":166,"type":"if","locations":[{"start":{"line":166,"column":4},"end":{"line":166,"column":4}},{"start":{"line":166,"column":4},"end":{"line":166,"column":4}}]},"22":{"line":168,"type":"if","locations":[{"start":{"line":168,"column":6},"end":{"line":168,"column":6}},{"start":{"line":168,"column":6},"end":{"line":168,"column":6}}]},"23":{"line":173,"type":"if","locations":[{"start":{"line":173,"column":4},"end":{"line":173,"column":4}},{"start":{"line":173,"column":4},"end":{"line":173,"column":4}}]},"24":{"line":176,"type":"if","locations":[{"start":{"line":176,"column":4},"end":{"line":176,"column":4}},{"start":{"line":176,"column":4},"end":{"line":176,"column":4}}]},"25":{"line":177,"type":"if","locations":[{"start":{"line":177,"column":4},"end":{"line":177,"column":4}},{"start":{"line":177,"column":4},"end":{"line":177,"column":4}}]},"26":{"line":178,"type":"if","locations":[{"start":{"line":178,"column":4},"end":{"line":178,"column":4}},{"start":{"line":178,"column":4},"end":{"line":178,"column":4}}]},"27":{"line":180,"type":"if","locations":[{"start":{"line":180,"column":4},"end":{"line":180,"column":4}},{"start":{"line":180,"column":4},"end":{"line":180,"column":4}}]},"28":{"line":183,"type":"cond-expr","locations":[{"start":{"line":183,"column":37},"end":{"line":183,"column":57}},{"start":{"line":183,"column":60},"end":{"line":183,"column":62}}]},"29":{"line":184,"type":"cond-expr","locations":[{"start":{"line":184,"column":37},"end":{"line":184,"column":57}},{"start":{"line":184,"column":60},"end":{"line":184,"column":64}}]}},"code":["var Stream      = require('stream').Stream,","    util        = require('util'),","    driver      = require('websocket-driver'),","    EventTarget = require('./api/event_target'),","    Event       = require('./api/event');","","var API = function(options) {","  options = options || {};","  driver.validateOptions(options, ['headers', 'extensions', 'maxLength', 'ping', 'proxy', 'tls', 'ca']);","","  this.readable = this.writable = true;","","  var headers = options.headers;","  if (headers) {","    for (var name in headers) this._driver.setHeader(name, headers[name]);","  }","","  var extensions = options.extensions;","  if (extensions) {","    [].concat(extensions).forEach(this._driver.addExtension, this._driver);","  }","","  this._ping          = options.ping;","  this._pingId        = 0;","  this.readyState     = API.CONNECTING;","  this.bufferedAmount = 0;","  this.protocol       = '';","  this.url            = this._driver.url;","  this.version        = this._driver.version;","","  var self = this;","","  this._driver.on('open',    function(e) { self._open() });","  this._driver.on('message', function(e) { self._receiveMessage(e.data) });","  this._driver.on('close',   function(e) { self._beginClose(e.reason, e.code) });","","  this._driver.on('error', function(error) {","    self._emitError(error.message);","  });","  this.on('error', function() {});","","  this._driver.messages.on('drain', function() {","    self.emit('drain');","  });","","  if (this._ping)","    this._pingTimer = setInterval(function() {","      self._pingId += 1;","      self.ping(self._pingId.toString());","    }, this._ping * 1000);","","  this._configureStream();","","  if (!this._proxy) {","    this._stream.pipe(this._driver.io);","    this._driver.io.pipe(this._stream);","  }","};","util.inherits(API, Stream);","","API.CONNECTING = 0;","API.OPEN       = 1;","API.CLOSING    = 2;","API.CLOSED     = 3;","","API.CLOSE_TIMEOUT = 30000;","","var instance = {","  write: function(data) {","    return this.send(data);","  },","","  end: function(data) {","    if (data !== undefined) this.send(data);","    this.close();","  },","","  pause: function() {","    return this._driver.messages.pause();","  },","","  resume: function() {","    return this._driver.messages.resume();","  },","","  send: function(data) {","    if (this.readyState > API.OPEN) return false;","    if (!(data instanceof Buffer)) data = String(data);","    return this._driver.messages.write(data);","  },","","  ping: function(message, callback) {","    if (this.readyState > API.OPEN) return false;","    return this._driver.ping(message, callback);","  },","","  close: function(code, reason) {","    if (code === undefined) code = 1000;","    if (reason === undefined) reason = '';","","    if (code !== 1000 && (code < 3000 || code > 4999))","      throw new Error(\"Failed to execute 'close' on WebSocket: \" +","                      \"The code must be either 1000, or between 3000 and 4999. \" +","                      code + \" is neither.\");","","    if (this.readyState !== API.CLOSED) this.readyState = API.CLOSING;","    this._driver.close(reason, code);","","    var self = this;","","    this._closeTimer = setTimeout(function() {","      self._beginClose('', 1006);","    }, API.CLOSE_TIMEOUT);","  },","","  _configureStream: function() {","    var self = this;","","    this._stream.setTimeout(0);","    this._stream.setNoDelay(true);","","    ['close', 'end'].forEach(function(event) {","      this._stream.on(event, function() { self._finalizeClose() });","    }, this);","","    this._stream.on('error', function(error) {","      self._emitError('Network error: ' + self.url + ': ' + error.message);","      self._finalizeClose();","    });","  },",""," _open: function() {","    if (this.readyState !== API.CONNECTING) return;","","    this.readyState = API.OPEN;","    this.protocol = this._driver.protocol || '';","","    var event = new Event('open');","    event.initEvent('open', false, false);","    this.dispatchEvent(event);","  },","","  _receiveMessage: function(data) {","    if (this.readyState > API.OPEN) return false;","","    if (this.readable) this.emit('data', data);","","    var event = new Event('message', {data: data});","    event.initEvent('message', false, false);","    this.dispatchEvent(event);","  },","","  _emitError: function(message) {","    if (this.readyState >= API.CLOSING) return;","","    var event = new Event('error', {message: message});","    event.initEvent('error', false, false);","    this.dispatchEvent(event);","  },","","  _beginClose: function(reason, code) {","    if (this.readyState === API.CLOSED) return;","    this.readyState = API.CLOSING;","    this._closeParams = [reason, code];","","    if (this._stream) {","      this._stream.destroy();","      if (!this._stream.readable) this._finalizeClose();","    }","  },","","  _finalizeClose: function() {","    if (this.readyState === API.CLOSED) return;","    this.readyState = API.CLOSED;","","    if (this._closeTimer) clearTimeout(this._closeTimer);","    if (this._pingTimer) clearInterval(this._pingTimer);","    if (this._stream) this._stream.end();","","    if (this.readable) this.emit('end');","    this.readable = this.writable = false;","","    var reason = this._closeParams ? this._closeParams[0] : '',","        code   = this._closeParams ? this._closeParams[1] : 1006;","","    var event = new Event('close', {code: code, reason: reason});","    event.initEvent('close', false, false);","    this.dispatchEvent(event);","  }","};","","for (var method in instance) API.prototype[method] = instance[method];","for (var key in EventTarget) API.prototype[key] = EventTarget[key];","","module.exports = API;",""],"l":{"1":1,"7":1,"8":0,"9":0,"11":0,"13":0,"14":0,"15":0,"18":0,"19":0,"20":0,"23":0,"24":0,"25":0,"26":0,"27":0,"28":0,"29":0,"31":0,"33":0,"34":0,"35":0,"37":0,"38":0,"40":0,"42":0,"43":0,"46":0,"47":0,"48":0,"49":0,"52":0,"54":0,"55":0,"56":0,"59":1,"61":1,"62":1,"63":1,"64":1,"66":1,"68":1,"70":0,"74":0,"75":0,"79":0,"83":0,"87":0,"88":0,"89":0,"93":0,"94":0,"98":0,"99":0,"101":0,"102":0,"106":0,"107":0,"109":0,"111":0,"112":0,"117":0,"119":0,"120":0,"122":0,"123":0,"126":0,"127":0,"128":0,"133":0,"135":0,"136":0,"138":0,"139":0,"140":0,"144":0,"146":0,"148":0,"149":0,"150":0,"154":0,"156":0,"157":0,"158":0,"162":0,"163":0,"164":0,"166":0,"167":0,"168":0,"173":0,"174":0,"176":0,"177":0,"178":0,"180":0,"181":0,"183":0,"186":0,"187":0,"188":0,"192":13,"193":7,"195":1}},"/home/travis/build/npmtest/node-npmtest-faye-websocket/node_modules/faye-websocket/lib/faye/websocket/api/event_target.js":{"path":"/home/travis/build/npmtest/node-npmtest-faye-websocket/node_modules/faye-websocket/lib/faye/websocket/api/event_target.js","s":{"1":1,"2":1,"3":0,"4":0,"5":0,"6":0,"7":0,"8":0,"9":0,"10":1},"b":{"1":[0,0]},"f":{"1":0,"2":0,"3":0},"fnMap":{"1":{"name":"(anonymous_1)","line":9,"loc":{"start":{"line":9,"column":20},"end":{"line":9,"column":62}}},"2":{"name":"(anonymous_2)","line":13,"loc":{"start":{"line":13,"column":23},"end":{"line":13,"column":65}}},"3":{"name":"(anonymous_3)","line":17,"loc":{"start":{"line":17,"column":17},
[...]
":"if","locations":[{"start":{"line":64,"column":2},"end":{"line":64,"column":2}},{"start":{"line":64,"column":2},"end":{"line":64,"column":2}}]},"15":{"line":72,"type":"if","locations":[{"start":{"line":72,"column":4},"end":{"line":72,"column":4}},{"start":{"line":72,"column":4},"end":{"line":72,"column":4}}]}},"code":["var util   = require('util'),","    net    = require('net'),","    tls    = require('tls'),","    url    = require('url'),","    driver = require('websocket-driver'),","    API    = require('./api'),","    Event  = require('./api/event');","","var DEFAULT_PORTS    = {'http:': 80, 'https:': 443, 'ws:':80, 'wss:': 443},","    SECURE_PROTOCOLS = ['https:', 'wss:'];","","var Client = function(_url, protocols, options) {","  options = options || {};","","  this.url     = _url;","  this._driver = driver.client(this.url, {maxLength: options.maxLength, protocols: protocols});","","  ['open', 'error'].forEach(function(event) {","    this._driver.on(event, function() {","      self.headers    = self._driver.headers;","      self.statusCode = self._driver.statusCode;","    });","  }, this);","","  var proxy      = options.proxy || {},","      endpoint   = url.parse(proxy.origin || this.url),","      port       = endpoint.port || DEFAULT_PORTS[endpoint.protocol],","      secure     = SECURE_PROTOCOLS.indexOf(endpoint.protocol) >= 0,","      onConnect  = function() { self._onConnect() },","      netOptions = options.net || {},","      originTLS  = options.tls || {},","      socketTLS  = proxy.origin ? (proxy.tls || {}) : originTLS,","      self       = this;","","  netOptions.host = socketTLS.host = endpoint.hostname;","  netOptions.port = socketTLS.port = port;","","  originTLS.ca = originTLS.ca || options.ca;","  socketTLS.servername = socketTLS.servername || endpoint.hostname;","","  this._stream = secure","               ? tls.connect(socketTLS, onConnect)","               : net.connect(netOptions, onConnect);","","  if (proxy.origin) this._configureProxy(proxy, originTLS);","","  API.call(this, options);","};","util.inherits(Client, API);","","Client.prototype._onConnect = function() {","  var worker = this._proxy || this._driver;","  worker.start();","};","","Client.prototype._configureProxy = function(proxy, originTLS) {","  var uri    = url.parse(this.url),","      secure = SECURE_PROTOCOLS.indexOf(uri.protocol) >= 0,","      self   = this,","      name;","","  this._proxy = this._driver.proxy(proxy.origin);","","  if (proxy.headers) {","    for (name in proxy.headers) this._proxy.setHeader(name, proxy.headers[name]);","  }","","  this._proxy.pipe(this._stream, {end: false});","  this._stream.pipe(this._proxy);","","  this._proxy.on('connect', function() {","    if (secure) {","      var options = {socket: self._stream, servername: uri.hostname};","      for (name in originTLS) options[name] = originTLS[name];","      self._stream = tls.connect(options);","      self._configureStream();","    }","    self._driver.io.pipe(self._stream);","    self._stream.pipe(self._driver.io);","    self._driver.start();","  });","","  this._proxy.on('error', function(error) {","    self._driver.emit('error', error);","  });","};","","module.exports = Client;",""],"l":{"1":1,"9":1,"12":1,"13":0,"15":0,"16":0,"18":0,"19":0,"20":0,"21":0,"25":0,"29":0,"35":0,"36":0,"38":0,"39":0,"41":0,"45":0,"47":0,"49":1,"51":1,"52":0,"53":0,"56":1,"57":0,"62":0,"64":0,"65":0,"68":0,"69":0,"71":0,"72":0,"73":0,"74":0,"75":0,"76":0,"78":0,"79":0,"80":0,"83":0,"84":0,"88":1}},"/home/travis/build/npmtest/node-npmtest-faye-websocket/node_modules/faye-websocket/lib/faye/eventsource.js":{"path":"/home/travis/build/npmtest/node-npmtest-faye-websocket/node_modules/faye-websocket/lib/faye/eventsource.js","s":{"1":1,"2":1,"3":0,"4":0,"5":0,"6":0,"7":0,"8":0,"9":0,"10":0,"11":0,"12":0,"13":0,"14":0,"15":0,"16":0,"17":0,"18":0,"19":0,"20":0,"21":0,"22":0,"23":0,"24":0,"25":0,"26":0,"27":0,"28":0,"29":0,"30":0,"31":0,"32":1,"33":1,"34":0,"35":0,"36":0,"37":0,"38":1,"39":0,"40":0,"41":0,"42":0,"43":0,"44":0,"45":0,"46":0,"47":0,"48":0,"49":0,"50":0,"51":0,"52":0,"53":0,"54":0,"55":0,"56":0,"57":0,"58":0,"59":0,"60":0,"61":0,"62":0,"63":0,"64":0,"65":0,"66":0,"67":0,"68":0,"69":0,"70":0,"71":0,"72":0,"73":0,"74":0,"75":0,"76":0,"77":0,"78":1,"79":9,"80":1,"81":7,"82":1},"b":{"1":[0,0],"2":[0,0],"3":[0,0],"4":[0,0],"5":[0,0],"6":[0,0],"7":[0,0],"8":[0,0],"9":[0,0],"10":[0,0],"11":[0,0],"12":[0,0],"13":[0,0],"14":[0,0],"15":[0,0],"16":[0,0],"17":[0,0],"18":[0,0],"19":[0,0],"20":[0,0],"21":[0,0]},"f":{"1":0,"2":0,"3":0,"4":0,"5":0,"6":0,"7":0,"8":0,"9":0,"10":0,"11":0,"12":0,"13":0,"14":0},"fnMap":{"1":{"name":"(anonymous_1)","line":9,"loc":{"start":{"line":9,"column":18},"end":{"line":9,"column":55}}},"2":{"name":"(anonymous_2)","line":30,"loc":{"start":{"line":30,"column":19},"end":{"line":30,"column":30}}},"3":{"name":"(anonymous_3)","line":45,"loc":{"start":{"line":45,"column":27},"end":{"line":45,"column":38}}},"4":{"name":"(anonymous_4)","line":48,"loc":{"start":{"line":48,"column":34},"end":{"line":48,"column":45}}},"5":{"name":"(anonymous_5)","line":50,"loc":{"start":{"line":50,"column":27},"end":{"line":50,"column":43}}},"6":{"name":"(anonymous_6)","line":51,"loc":{"start":{"line":51,"column":27},"end":{"line":51,"column":38}}},"7":{"name":"(anonymous_7)","line":56,"loc":{"start":{"line":56,"column":28},"end":{"line":56,"column":46}}},"8":{"name":"(anonymous_8)","line":66,"loc":{"start":{"line":66,"column":10},"end":{"line":66,"column":26}}},"9":{"name":"(anonymous_9)","line":75,"loc":{"start":{"line":75,"column":9},"end":{"line":75,"column":20}}},"10":{"name":"(anonymous_10)","line":85,"loc":{"start":{"line":85,"column":9},"end":{"line":85,"column":27}}},"11":{"name":"(anonymous_11)","line":89,"loc":{"start":{"line":89,"column":7},"end":{"line":89,"column":25}}},"12":{"name":"(anonymous_12)","line":94,"loc":{"start":{"line":94,"column":8},"end":{"line":94,"column":35}}},"13":{"name":"(anonymous_13)","line":108,"loc":{"start":{"line":108,"column":8},"end":{"line":108,"column":19}}},"14":{"name":"(anonymous_14)","line":112,"loc":{"start":{"line":112,"column":9},"end":{"line":112,"column":20}}}},"statementMap":{"1":{"start":{"line":1,"column":0},"end":{"line":7,"column":51}},"2":{"start":{"line":9,"column":0},"end":{"line":53,"column":2}},"3":{"start":{"line":10,"column":2},"end":{"line":10,"column":23}},"4":{"start":{"line":11,"column":2},"end":{"line":11,"column":26}},"5":{"start":{"line":13,"column":2},"end":{"line":13,"column":33}},"6":{"start":{"line":14,"column":2},"end":{"line":14,"column":52}},"7":{"start":{"line":15,"column":2},"end":{"line":15,"column":53}},"8":{"start":{"line":17,"column":2},"end":{"line":17,"column":74}},"9":{"start":{"line":18,"column":2},"end":{"line":18,"column":72}},"10":{"start":{"line":19,"column":2},"end":{"line":19,"column":60}},"11":{"start":{"line":20,"column":2},"end":{"line":20,"column":36}},"12":{"start":{"line":22,"column":2},"end":{"line":23,"column":21}},"13":{"start":{"line":25,"column":2},"end":{"line":27,"column":3}},"14":{"start":{"line":26,"column":4},"end":{"line":26,"column":76}},"15":{"start":{"line":26,"column":37},"end":{"line":26,"column":76}},"16":{"start":{"line":29,"column":2},"end":{"line":29,"column":54}},"17":{"start":{"line":29,"column":47},"end":{"line":29,"column":54}},"18":{"start":{"line":30,"column":2},"end":{"line":30,"column":48}},"19":{"start":{"line":30,"column":32},"end":{"line":30,"column":45}},"20":{"start":{"line":32,"column":2},"end":{"line":32,"column":29}},"21":{"start":{"line":33,"column":2},"end":{"line":33,"column":32}},"22":{"start":{"line":35,"column":2},"end":{"line":41,"column":74}},"23":{"start":{"line":43,"column":2},"end":{"line":43,"column":25}},"24":{"start":{"line":45,"column":2},"end":{"line":45,"column":62}},"25":{"start":{"line":45,"column":40},"end":{"line":45,"column":59}},"26":{"start":{"line":47,"column":2},"end":{"line":48,"column":81}},"27":{"start":{"line":48,"column":4},"end":{"line":48,"column":81}},"28":{"start":{"line":48,"column":47},"end":{"line":48,"column":59}},"29":{"start":{"line":50,"column":2},"end":{"line":52,"column":5}},"30":{"start":{"line":51,"column":4},"end":{"line":51,"column":56}},"31":{"start":{"line":51,"column":40},"end":{"line":51,"column":53}},"32":{"start":{"line":54,"column":0},"end":{"line":54,"column":35}},"33":{"start":{"line":56,"column":0},"end":{"line":60,"column":2}},"34":{"start":{"line":57,"column":2},"end":{"line":57,"column":45}},"35":{"start":{"line":57,"column":32},"end":{"line":57,"column":45}},"36":{"start":{"line":58,"column":2},"end":{"line":58,"column":63}},"37":{"start":{"line":59,"column":2},"end":{"line":59,"column":50}},"38":{"start":{"line":62,"column":0},"end":{"line":126,"column":2}},"39":{"start":{"line":67,"column":4},"end":{"line":67,"column":37}},"40":{"start":{"line":67,"column":24},"end":{"line":67,"column":37}},"41":{"start":{"line":68,"column":4},"end":{"line":72,"column":5}},"42":{"start":{"line":69,"column":6},"end":{"line":69,"column":47}},"43":{"start":{"line":71,"column":6},"end":{"line":71,"column":19}},"44":{"start":{"line":76,"column":4},"end":{"line":76,"column":51}},"45":{"start":{"line":76,"column":44},"end":{"line":76,"column":51}},"46":{"start":{"line":78,"column":4},"end":{"line":78,"column":31}},"47":{"start":{"line":80,"column":4},"end":{"line":80,"column":34}},"48":{"start":{"line":81,"column":4},"end":{"line":81,"column":42}},"49":{"start":{"line":82,"column":4},"end":{"line":82,"column":30}},"50":{"start":{"line":86,"column":4},"end":{"line":86,"column":30}},"51":{"start":{"line":90,"column":4},"end":{"line":90,"column":51}},"52":{"start":{"line":90,"column":31},"end":{"line":90,"column":51}},"53":{"start":{"line":91,"column":4},"end":{"line":91,"column":17}},"54":{"start":{"line":95,"column":4},"end":{"line":95,"column":49}},"55":{"start":{"line":95,"column":36},"end":{"line":95,"column":49}},"56":{"start":{"line":97,"column":4},"end":{"line":97,"column":67}},"57":{"start":{"line":98,"column":4},"end":{"line":98,"column":28}},"58":{"start":{"line":100,"column":4},"end":{"line":100,"column":19}},"59":{"start":{"line":101,"column":4},"end":{"line":101,"column":67}},"60":{"start":{"line":101,"column":23},"end":{"line":101,"column":67}},"61":{"start":{"line":102,"column":4},"end":{"line":102,"column":67}},"62":{"start":{"line":102,"column":23},"end":{"line":102,"column":67}},"63":{"start":{"line":103,"column":4},"end":{"line":103,"column":45}},"64":{"start":{"line":105,"column":4},"end":{"line":105,"column":30}},"65":{"start":{"line":109,"column":4},"end":{"line":109,"column":36}},"66":{"start":{"line":113,"column":4},"end":{"line":113,"column":49}},"67":{"start":{"line":113,"column":36},"end":{"line":113,"column":49}},"68":{"start":{"line":115,"column":4},"end":{"line":115,"column":33}},"69":{"start":{"line":116,"column":4},"end":{"line":116,"column":26}},"70":{"start":{"line":117,"column":4},"end":{"line":117,"column":56}},"71":{"start":{"line":117,"column":25},"end":{"line":117,"column":56}},"72":{"start":{"line":118,"column":4},"end":{"line":118,"column":41}},"73":{"start":{"line":118,"column":22},"end":{"line":118,"column":41}},"74":{"start":{"line":120,"column":4},"end":{"line":120,"column":35}},"75":{"start":{"line":121,"column":4},"end":{"line":121,"column":43}},"76":{"start":{"line":122,"column":4},"end":{"line":122,"column":30}},"77":{"start":{"line":124,"column":4},"end":{"line":124,"column":16}},"78":{"start":{"line":128,"column":0},"end":{"line":128,"column":78}},"79":{"start":{"line":128,"column":29},"end":{"line":128,"column":78}},"80":{"start":{"line":129,"column":0},"end":{"line":129,"column":75}},"81":{"start":{"line":129,"column":29},"end":{"line":129,"column":75}},"82":{"start":{"line":131,"column":0},"end":{"line":131,"column":29}}},"branchMap":{"1":{"line":11,"type":"binary-expr","locations":[{"start":{"line":11,"column":12},"end":{"line":11,"column":19}},{"start":{"line":11,"column":23},"end":{"line":11,"column":25}}]},"2":{"line":14,"type":"binary-expr","locations":[{"start":{"line":14,"column":17},"end":{"line":14,"column":29}},{"start":{"line":14,"column":34},"end":{"line":14,"column":51}}]},"3":{"line":15,"type":"binary-expr","locations":[{"start":{"line":15,"column":17},"end":{"line":15,"column":30}},{"start":{"line":15,"column":34},"end":{"line":15,"column":52}}]},"4":{"line":17,"type":"cond-expr","locations":[{"start":{"line":17,"column":55},"end":{"line":17,"column":63}},{"start":{"line":17,"column":66},"end":{"line":17,"column":73}}]},"5":{"line":19,"type":"binary-expr","locations":[{"start":{"line":19,"column":21},"end":{"line":19,"column":53}},{"start":{"line":19,"column":57},"end":{"line":19,"column":59}}]},"6":{"line":25,"type":"if","locations":[{"start":{"line":25,"column":2},"end":{"line":25,"column":2}},{"start":{"line":25,"column":2},"end":{"line":25,"column":2}}]},"7":{"line":29,"type":"if","locations":[{"start":{"line":29,"column":2},"end":{"line":29,"column":2}},{"start":{"line":29,"column":2},"end":{"line":29,"column":2}}]},"8":{"line":29,"type":"binary-expr","locations":[{"start":{"line":29,"column":6},"end":{"line":29,"column":19}},{"start":{"line":29,"column":23},"end":{"line":29,"column":45}}]},"9":{"line":47,"type":"if","locations":[{"start":{"line":47,"column":2},"end":{"line":47,"column":2}},{"start":{"line":47,"column":2},"end":{"line":47,"column":2}}]},"10":{"line":57,"type":"if","locations":[{"start":{"line":57,"column":2},"end":{"line":57,"column":2}},{"start":{"line":57,"column":2},"end":{"line":57,"column":2}}]},"11":{"line":58,"type":"binary-expr","locations":[{"start":{"line":58,"column":16},"end":{"line":58,"column":38}},{"start":{"line":58,"column":42},"end":{"line":58,"column":44}}]},"12":{"line":67,"type":"if","locations":[{"start":{"line":67,"column":4},"end":{"line":67,"column":4}},{"start":{"line":67,"column":4},"end":{"line":67,"column":4}}]},"13":{"line":76,"type":"if","locations":[{"start":{"line":76,"column":4},"end":{"line":76,"column":4}},{"start":{"line":76,"column":4},"end":{"line":76,"column":4}}]},"14":{"line":90,"type":"if","locations":[{"start":{"line":90,"column":4},"end":{"line":90,"column":4}},{"start":{"line":90,"column":4},"end":{"line":90,"column":4}}]},"15":{"line":95,"type":"if","locations":[{"start":{"line":95,"column":4},"end":{"line":95,"column":4}},{"start":{"line":95,"column":4},"end":{"line":95,"column":4}}]},"16":{"line":98,"type":"binary-expr","locations":[{"start":{"line":98,"column":14},"end":{"line":98,"column":21}},{"start":{"line":98,"column":25},"end":{"line":98,"column":27}}]},"17":{"line":101,"type":"if","locations":[{"start":{"line":101,"column":4},"end":{"line":101,"column":4}},{"start":{"line":101,"column":4},"end":{"line":101,"column":4}}]},"18":{"line":102,"type":"if","locations":[{"start":{"line":102,"column":4},"end":{"line":102,"column":4}},{"start":{"line":102,"column":4},"end":{"line":102,"column":4}}]},"19":{"line":113,"type":"if","locations":[{"start":{"line":113,"column":4},"end":{"line":113,"column":4}},{"start":{"line":113,"column":4},"end":{"line":113,"column":4}}]},"20":{"line":117,"type":"if","locations":[{"start":{"line":117,"column":4},"end":{"line":117,"column":4}},{"start":{"line":117,"column":4},"end":{"line":117,"column":4}}]},"21":{"line":118,"type":"if","locations":[{"start":{"line":118,"column":4},"end":{"line":118,"column":4}},{"start":{"line":118,"column":4},"end":{"line":118,"column":4}}]}},"code":["var Stream      = require('stream').Stream,","    util        = require('util'),","    driver      = require('websocket-driver'),","    Headers     = require('websocket-driver/lib/websocket/driver/headers'),","    API         = require('./websocket/api'),","    EventTarget = require('./websocket/api/event_target'),","    Event       = require('./websocket/api/event');","","var EventSource = function(request, response, options) {","  this.writable = true;","  options = options || {};","","  this._stream = response.socket;","  this._ping   = options.ping  || this.DEFAULT_PING;","  this._retry  = options.retry || this.DEFAULT_RETRY;","","  var scheme       = driver.isSecureRequest(request) ? 'https:' : 'http:';","  this.url         = scheme + '//' + request.headers.host + request.url;","  this.lastEventId = request.headers['last-event-id'] || '';","  this.readyState  = API.CONNECTING;","","  var headers = new Headers(),","      self    = this;","","  if (options.headers) {","    for (var key in options.headers) headers.set(key, options.headers[key]);","  }","","  if (!this._stream || !this._stream.writable) return;","  process.nextTick(function() { self._open() });","","  this._stream.setTimeout(0);","  this._stream.setNoDelay(true);","","  var handshake = 'HTTP/1.1 200 OK\\r\\n' +","                  'Content-Type: text/event-stream\\r\\n' +","                  'Cache-Control: no-cache, no-store\\r\\n' +","                  'Connection: close\\r\\n' +","                  headers.toString() +","                  '\\r\\n' +","                  'retry: ' + Math.floor(this._retry * 1000) + '\\r\\n\\r\\n';","","  this._write(handshake);","","  this._stream.on('drain', function() { self.emit('drain') });","","  if (this._ping)","    this._pingTimer = setInterval(function() { self.ping() }, this._ping * 1000);","","  ['error', 'end'].forEach(function(event) {","    self._stream.on(event, function() { self.close() });","  });","};","util.inherits(EventSource, Stream);","","EventSource.isEventSource = function(request) {","  if (request.method !== 'GET') return false;","  var accept = (request.headers.accept || '').split(/\\s*,\\s*/);","  return accept.indexOf('text/event-stream') >= 0;","};","","var instance = {","  DEFAULT_PING:   10,","  DEFAULT_RETRY:  5,","","  _write: function(chunk) {","    if (!this.writable) return false;","    try {","      return this._stream.write(chunk, 'utf8');","    } catch (e) {","      return false;","    }","  },","","  _open: function() {","    if (this.readyState !== API.CONNECTING) return;","","    this.readyState = API.OPEN;","","    var event = new Event('open');","    event.initEvent('open', false, false);","    this.dispatchEvent(event);","  },","","  write: function(message) {","    return this.send(message);","  },","","  end: function(message) {","    if (message !== undefined) this.write(message);","    this.close();","  },","","  send: function(message, options) {","    if (this.readyState > API.OPEN) return false;","","    message = String(message).replace(/(\\r\\n|\\r|\\n)/g, '$1data: ');","    options = options || {};","","    var frame = '';","    if (options.event) frame += 'event: ' + options.event + '\\r\\n';","    if (options.id)    frame += 'id: '    + options.id    + '\\r\\n';","    frame += 'data: ' + message + '\\r\\n\\r\\n';","","    return this._write(frame);","  },","","  ping: function() {","    return this._write(':\\r\\n\\r\\n');","  },","","  close: function() {","    if (this.readyState > API.OPEN) return false;","","    this.readyState = API.CLOSED;","    this.writable = false;","    if (this._pingTimer) clearInterval(this._pingTimer);","    if (this._stream) this._stream.end();","","    var event = new Event('close');","    event.initEvent('close', false, false);","    this.dispatchEvent(event);","","    return true;","  }","};","","for (var method in instance) EventSource.prototype[method] = instance[method];","for (var key in EventTarget) EventSource.prototype[key] = EventTarget[key];","","module.exports = EventSource;",""],"l":{"1":1,"9":1,"10":0,"11":0,"13":0,"14":0,"15":0,"17":0,"18":0,"19":0,"20":0,"22":0,"25":0,"26":0,"29":0,"30":0,"32":0,"33":0,"35":0,"43":0,"45":0,"47":0,"48":0,"50":0,"51":0,"54":1,"56":1,"57":0,"58":0,"59":0,"62":1,"67":0,"68":0,"69":0,"71":0,"76":0,"78":0,"80":0,"81":0,"82":0,"86":0,"90":0,"91":0,"95":0,"97":0,"98":0,"100":0,"101":0,"102":0,"103":0,"105":0,"109":0,"113":0,"115":0,"116":0,"117":0,"118":0,"120":0,"121":0,"122":0,"124":0,"128":9,"129":7,"131":1}}}